#
# There is insufficient memory for the Java Runtime Environment to continue.
# Native memory allocation (malloc) failed to allocate 692976 bytes for Chunk::new
# Possible reasons:
#   The system is out of physical RAM or swap space
#   The process is running with CompressedOops enabled, and the Java Heap may be blocking the growth of the native heap
# Possible solutions:
#   Reduce memory load on the system
#   Increase physical memory or swap space
#   Check if swap backing store is full
#   Decrease Java heap size (-Xmx/-Xms)
#   Decrease number of Java threads
#   Decrease Java thread stack sizes (-Xss)
#   Set larger code cache with -XX:ReservedCodeCacheSize=
#   JVM is running with Unscaled Compressed Oops mode in which the Java heap is
#     placed in the first 4GB address space. The Java Heap base address is the
#     maximum limit for the native heap growth. Please use -XX:HeapBaseMinAddress
#     to set the Java Heap base and to place the Java Heap above 4GB virtual address.
# This output file may be truncated or incomplete.
#
#  Out of Memory Error (./open/src/hotspot/share/memory/arena.cpp:197), pid=4068, tid=336
#
# JRE version: Java(TM) SE Runtime Environment 18.9 (11.0.17+10) (build 11.0.17+10-LTS-269)
# Java VM: Java HotSpot(TM) 64-Bit Server VM 18.9 (11.0.17+10-LTS-269, mixed mode, tiered, compressed oops, g1 gc, windows-amd64)
# No core dump will be written. Minidumps are not enabled by default on client versions of Windows
#

---------------  S U M M A R Y ------------

Command Line: -Dfile.encoding=Cp1252 org.eclipse.emf.mwe2.launch.runtime.Mwe2Launcher src/self_checkout_experience/GenerateSelfCheckout.mwe2

Host: Intel(R) Core(TM) i5-3340 CPU @ 3.10GHz, 4 cores, 7G,  Windows 10 , 64 bit Build 19041 (10.0.19041.2364)
Time: Mon Feb 20 15:15:37 2023 GMT Standard Time elapsed time: 1.830253 seconds (0d 0h 0m 1s)

---------------  T H R E A D  ---------------

Current thread (0x000001b7f1ede000):  JavaThread "C2 CompilerThread0" daemon [_thread_in_native, id=336, stack(0x00000050ae600000,0x00000050ae700000)]


Current CompileTask:
C2:   1830 2068       4       org.eclipse.emf.common.util.URI$URIPool$FileAccessUnit::setValue (687 bytes)

Stack: [0x00000050ae600000,0x00000050ae700000]
Native frames: (J=compiled Java code, j=interpreted, Vv=VM code, C=native code)
V  [jvm.dll+0x62b5da]
V  [jvm.dll+0x7653df]
V  [jvm.dll+0x766a89]
V  [jvm.dll+0x767113]
V  [jvm.dll+0x23dd28]
V  [jvm.dll+0xb2a1c]
V  [jvm.dll+0xb2fdc]
V  [jvm.dll+0x341597]
V  [jvm.dll+0x18ce51]
V  [jvm.dll+0x1f8815]
V  [jvm.dll+0x1f78fd]
V  [jvm.dll+0x177c91]
V  [jvm.dll+0x207296]
V  [jvm.dll+0x20542b]
V  [jvm.dll+0x72b2c0]
V  [jvm.dll+0x723e64]
V  [jvm.dll+0x62a485]
C  [ucrtbase.dll+0x21bb2]
C  [KERNEL32.DLL+0x17614]
C  [ntdll.dll+0x526a1]


---------------  P R O C E S S  ---------------

Threads class SMR info:
_java_thread_list=0x000001b7f2a2bef0, length=13, elements={
0x000001b7d3ead800, 0x000001b7f1584800, 0x000001b7f15b0800, 0x000001b7f15bb800,
0x000001b7f15bc800, 0x000001b7f15bd000, 0x000001b7f1ede000, 0x000001b7f1edf000,
0x000001b7f1f28800, 0x000001b7f1f24000, 0x000001b7f215f800, 0x000001b7f1f2a000,
0x000001b7f1f26000
}

Java Threads: ( => current thread )
  0x000001b7d3ead800 JavaThread "main" [_thread_in_vm, id=6720, stack(0x00000050ada00000,0x00000050adb00000)]
  0x000001b7f1584800 JavaThread "Reference Handler" daemon [_thread_blocked, id=2468, stack(0x00000050ae100000,0x00000050ae200000)]
  0x000001b7f15b0800 JavaThread "Finalizer" daemon [_thread_blocked, id=14020, stack(0x00000050ae200000,0x00000050ae300000)]
  0x000001b7f15bb800 JavaThread "Signal Dispatcher" daemon [_thread_blocked, id=21756, stack(0x00000050ae300000,0x00000050ae400000)]
  0x000001b7f15bc800 JavaThread "Attach Listener" daemon [_thread_blocked, id=19020, stack(0x00000050ae400000,0x00000050ae500000)]
  0x000001b7f15bd000 JavaThread "Service Thread" daemon [_thread_blocked, id=6860, stack(0x00000050ae500000,0x00000050ae600000)]
=>0x000001b7f1ede000 JavaThread "C2 CompilerThread0" daemon [_thread_in_native, id=336, stack(0x00000050ae600000,0x00000050ae700000)]
  0x000001b7f1edf000 JavaThread "C1 CompilerThread0" daemon [_thread_in_native, id=17756, stack(0x00000050ae700000,0x00000050ae800000)]
  0x000001b7f1f28800 JavaThread "Sweeper thread" daemon [_thread_blocked, id=21076, stack(0x00000050ae800000,0x00000050ae900000)]
  0x000001b7f1f24000 JavaThread "Common-Cleaner" daemon [_thread_blocked, id=16120, stack(0x00000050aea00000,0x00000050aeb00000)]
  0x000001b7f215f800 JavaThread "C2 CompilerThread1" daemon [_thread_in_native, id=19464, stack(0x00000050aeb00000,0x00000050aec00000)]
  0x000001b7f1f2a000 JavaThread "EMF Reference Cleaner" daemon [_thread_blocked, id=15724, stack(0x00000050af000000,0x00000050af100000)]
  0x000001b7f1f26000 JavaThread "com.google.inject.internal.util.$Finalizer" daemon [_thread_blocked, id=11736, stack(0x00000050af100000,0x00000050af200000)]

Other Threads:
  0x000001b7f1580800 VMThread "VM Thread" [stack: 0x00000050ae000000,0x00000050ae100000] [id=21584]
  0x000001b7f2091000 WatcherThread [stack: 0x00000050ae900000,0x00000050aea00000] [id=19116]
  0x000001b7d3ec1800 GCTaskThread "GC Thread#0" [stack: 0x00000050adb00000,0x00000050adc00000] [id=21148]
  0x000001b7f24bb000 GCTaskThread "GC Thread#1" [stack: 0x00000050aec00000,0x00000050aed00000] [id=7256]
  0x000001b7f24b0800 GCTaskThread "GC Thread#2" [stack: 0x00000050aed00000,0x00000050aee00000] [id=21116]
  0x000001b7d3ef8000 ConcurrentGCThread "G1 Main Marker" [stack: 0x00000050adc00000,0x00000050add00000] [id=19788]
  0x000001b7d3ef9000 ConcurrentGCThread "G1 Conc#0" [stack: 0x00000050add00000,0x00000050ade00000] [id=13260]
  0x000001b7f13f1800 ConcurrentGCThread "G1 Refine#0" [stack: 0x00000050ade00000,0x00000050adf00000] [id=15672]
  0x000001b7f2299800 ConcurrentGCThread "G1 Refine#1" [stack: 0x00000050aee00000,0x00000050aef00000] [id=18560]
  0x000001b7f262a000 ConcurrentGCThread "G1 Refine#2" [stack: 0x00000050aef00000,0x00000050af000000] [id=3412]
  0x000001b7d3f6e800 ConcurrentGCThread "G1 Young RemSet Sampling" [stack: 0x00000050adf00000,0x00000050ae000000] [id=6676]

Threads with active compile tasks:
C2 CompilerThread0     2068 2068       4       org.eclipse.emf.common.util.URI$URIPool$FileAccessUnit::setValue (687 bytes)
C1 CompilerThread0     2068 2293       2       org.eclipse.emf.mwe2.language.lexer.Mwe2Lexer$DFA9::specialStateTransition (2436 bytes)
C2 CompilerThread1     2068 2069       4       org.eclipse.emf.common.util.URI$URIPool$StringAccessUnit::parseIntoURI (965 bytes)

VM state:not at safepoint (normal execution)

VM Mutex/Monitor currently owned by a thread: None

Heap address: 0x0000000081a00000, size: 2022 MB, Compressed Oops mode: 32-bit
Narrow klass base: 0x0000000000000000, Narrow klass shift: 3
Compressed class space size: 1073741824 Address: 0x0000000100000000

Heap:
 garbage-first heap   total 131072K, used 22450K [0x0000000081a00000, 0x0000000100000000)
  region size 1024K, 15 young (15360K), 5 survivors (5120K)
 Metaspace       used 20862K, capacity 21061K, committed 21248K, reserved 1069056K
  class space    used 2432K, capacity 2505K, committed 2560K, reserved 1048576K
Heap Regions: E=young(eden), S=young(survivor), O=old, HS=humongous(starts), HC=humongous(continues), CS=collection set, F=free, A=archive, TAMS=top-at-mark-start (previous, next)
|   0|0x0000000081a00000, 0x0000000081b00000, 0x0000000081b00000|100%| O|  |TAMS 0x0000000081a00000, 0x0000000081a00000| Untracked 
|   1|0x0000000081b00000, 0x0000000081c00000, 0x0000000081c00000|100%| O|  |TAMS 0x0000000081b00000, 0x0000000081b00000| Untracked 
|   2|0x0000000081c00000, 0x0000000081d00000, 0x0000000081d00000|100%| O|  |TAMS 0x0000000081c00000, 0x0000000081c00000| Untracked 
|   3|0x0000000081d00000, 0x0000000081e00000, 0x0000000081e00000|100%| O|  |TAMS 0x0000000081d00000, 0x0000000081d00000| Untracked 
|   4|0x0000000081e00000, 0x0000000081f00000, 0x0000000081f00000|100%| O|  |TAMS 0x0000000081e00000, 0x0000000081e00000| Untracked 
|   5|0x0000000081f00000, 0x0000000082000000, 0x0000000082000000|100%| O|  |TAMS 0x0000000081f00000, 0x0000000081f00000| Untracked 
|   6|0x0000000082000000, 0x0000000082100000, 0x0000000082100000|100%| O|  |TAMS 0x0000000082000000, 0x0000000082000000| Untracked 
|   7|0x0000000082100000, 0x00000000821eca00, 0x0000000082200000| 92%| O|  |TAMS 0x0000000082100000, 0x0000000082100000| Untracked 
|   8|0x0000000082200000, 0x0000000082200000, 0x0000000082300000|  0%| F|  |TAMS 0x0000000082200000, 0x0000000082200000| Untracked 
|   9|0x0000000082300000, 0x0000000082300000, 0x0000000082400000|  0%| F|  |TAMS 0x0000000082300000, 0x0000000082300000| Untracked 
|  10|0x0000000082400000, 0x0000000082400000, 0x0000000082500000|  0%| F|  |TAMS 0x0000000082400000, 0x0000000082400000| Untracked 
|  11|0x0000000082500000, 0x0000000082500000, 0x0000000082600000|  0%| F|  |TAMS 0x0000000082500000, 0x0000000082500000| Untracked 
|  12|0x0000000082600000, 0x0000000082600000, 0x0000000082700000|  0%| F|  |TAMS 0x0000000082600000, 0x0000000082600000| Untracked 
|  13|0x0000000082700000, 0x0000000082700000, 0x0000000082800000|  0%| F|  |TAMS 0x0000000082700000, 0x0000000082700000| Untracked 
|  14|0x0000000082800000, 0x0000000082800000, 0x0000000082900000|  0%| F|  |TAMS 0x0000000082800000, 0x0000000082800000| Untracked 
|  15|0x0000000082900000, 0x0000000082900000, 0x0000000082a00000|  0%| F|  |TAMS 0x0000000082900000, 0x0000000082900000| Untracked 
|  16|0x0000000082a00000, 0x0000000082a00000, 0x0000000082b00000|  0%| F|  |TAMS 0x0000000082a00000, 0x0000000082a00000| Untracked 
|  17|0x0000000082b00000, 0x0000000082b00000, 0x0000000082c00000|  0%| F|  |TAMS 0x0000000082b00000, 0x0000000082b00000| Untracked 
|  18|0x0000000082c00000, 0x0000000082c00000, 0x0000000082d00000|  0%| F|  |TAMS 0x0000000082c00000, 0x0000000082c00000| Untracked 
|  19|0x0000000082d00000, 0x0000000082d00000, 0x0000000082e00000|  0%| F|  |TAMS 0x0000000082d00000, 0x0000000082d00000| Untracked 
|  20|0x0000000082e00000, 0x0000000082e00000, 0x0000000082f00000|  0%| F|  |TAMS 0x0000000082e00000, 0x0000000082e00000| Untracked 
|  21|0x0000000082f00000, 0x0000000082f00000, 0x0000000083000000|  0%| F|  |TAMS 0x0000000082f00000, 0x0000000082f00000| Untracked 
|  22|0x0000000083000000, 0x0000000083000000, 0x0000000083100000|  0%| F|  |TAMS 0x0000000083000000, 0x0000000083000000| Untracked 
|  23|0x0000000083100000, 0x0000000083100000, 0x0000000083200000|  0%| F|  |TAMS 0x0000000083100000, 0x0000000083100000| Untracked 
|  24|0x0000000083200000, 0x0000000083200000, 0x0000000083300000|  0%| F|  |TAMS 0x0000000083200000, 0x0000000083200000| Untracked 
|  25|0x0000000083300000, 0x0000000083300000, 0x0000000083400000|  0%| F|  |TAMS 0x0000000083300000, 0x0000000083300000| Untracked 
|  26|0x0000000083400000, 0x0000000083400000, 0x0000000083500000|  0%| F|  |TAMS 0x0000000083400000, 0x0000000083400000| Untracked 
|  27|0x0000000083500000, 0x0000000083500000, 0x0000000083600000|  0%| F|  |TAMS 0x0000000083500000, 0x0000000083500000| Untracked 
|  28|0x0000000083600000, 0x0000000083600000, 0x0000000083700000|  0%| F|  |TAMS 0x0000000083600000, 0x0000000083600000| Untracked 
|  29|0x0000000083700000, 0x0000000083700000, 0x0000000083800000|  0%| F|  |TAMS 0x0000000083700000, 0x0000000083700000| Untracked 
|  30|0x0000000083800000, 0x0000000083800000, 0x0000000083900000|  0%| F|  |TAMS 0x0000000083800000, 0x0000000083800000| Untracked 
|  31|0x0000000083900000, 0x0000000083900000, 0x0000000083a00000|  0%| F|  |TAMS 0x0000000083900000, 0x0000000083900000| Untracked 
|  32|0x0000000083a00000, 0x0000000083a00000, 0x0000000083b00000|  0%| F|  |TAMS 0x0000000083a00000, 0x0000000083a00000| Untracked 
|  33|0x0000000083b00000, 0x0000000083b00000, 0x0000000083c00000|  0%| F|  |TAMS 0x0000000083b00000, 0x0000000083b00000| Untracked 
|  34|0x0000000083c00000, 0x0000000083c00000, 0x0000000083d00000|  0%| F|  |TAMS 0x0000000083c00000, 0x0000000083c00000| Untracked 
|  35|0x0000000083d00000, 0x0000000083d00000, 0x0000000083e00000|  0%| F|  |TAMS 0x0000000083d00000, 0x0000000083d00000| Untracked 
|  36|0x0000000083e00000, 0x0000000083e00000, 0x0000000083f00000|  0%| F|  |TAMS 0x0000000083e00000, 0x0000000083e00000| Untracked 
|  37|0x0000000083f00000, 0x0000000083f00000, 0x0000000084000000|  0%| F|  |TAMS 0x0000000083f00000, 0x0000000083f00000| Untracked 
|  38|0x0000000084000000, 0x0000000084000000, 0x0000000084100000|  0%| F|  |TAMS 0x0000000084000000, 0x0000000084000000| Untracked 
|  39|0x0000000084100000, 0x0000000084100000, 0x0000000084200000|  0%| F|  |TAMS 0x0000000084100000, 0x0000000084100000| Untracked 
|  40|0x0000000084200000, 0x0000000084200000, 0x0000000084300000|  0%| F|  |TAMS 0x0000000084200000, 0x0000000084200000| Untracked 
|  41|0x0000000084300000, 0x0000000084300000, 0x0000000084400000|  0%| F|  |TAMS 0x0000000084300000, 0x0000000084300000| Untracked 
|  42|0x0000000084400000, 0x0000000084400000, 0x0000000084500000|  0%| F|  |TAMS 0x0000000084400000, 0x0000000084400000| Untracked 
|  43|0x0000000084500000, 0x0000000084500000, 0x0000000084600000|  0%| F|  |TAMS 0x0000000084500000, 0x0000000084500000| Untracked 
|  44|0x0000000084600000, 0x0000000084600000, 0x0000000084700000|  0%| F|  |TAMS 0x0000000084600000, 0x0000000084600000| Untracked 
|  45|0x0000000084700000, 0x0000000084700000, 0x0000000084800000|  0%| F|  |TAMS 0x0000000084700000, 0x0000000084700000| Untracked 
|  46|0x0000000084800000, 0x0000000084800000, 0x0000000084900000|  0%| F|  |TAMS 0x0000000084800000, 0x0000000084800000| Untracked 
|  47|0x0000000084900000, 0x0000000084900000, 0x0000000084a00000|  0%| F|  |TAMS 0x0000000084900000, 0x0000000084900000| Untracked 
|  48|0x0000000084a00000, 0x0000000084a00000, 0x0000000084b00000|  0%| F|  |TAMS 0x0000000084a00000, 0x0000000084a00000| Untracked 
|  49|0x0000000084b00000, 0x0000000084b00000, 0x0000000084c00000|  0%| F|  |TAMS 0x0000000084b00000, 0x0000000084b00000| Untracked 
|  50|0x0000000084c00000, 0x0000000084c00000, 0x0000000084d00000|  0%| F|  |TAMS 0x0000000084c00000, 0x0000000084c00000| Untracked 
|  51|0x0000000084d00000, 0x0000000084d00000, 0x0000000084e00000|  0%| F|  |TAMS 0x0000000084d00000, 0x0000000084d00000| Untracked 
|  52|0x0000000084e00000, 0x0000000084e00000, 0x0000000084f00000|  0%| F|  |TAMS 0x0000000084e00000, 0x0000000084e00000| Untracked 
|  53|0x0000000084f00000, 0x0000000084f00000, 0x0000000085000000|  0%| F|  |TAMS 0x0000000084f00000, 0x0000000084f00000| Untracked 
|  54|0x0000000085000000, 0x0000000085000000, 0x0000000085100000|  0%| F|  |TAMS 0x0000000085000000, 0x0000000085000000| Untracked 
|  55|0x0000000085100000, 0x0000000085100000, 0x0000000085200000|  0%| F|  |TAMS 0x0000000085100000, 0x0000000085100000| Untracked 
|  56|0x0000000085200000, 0x0000000085200000, 0x0000000085300000|  0%| F|  |TAMS 0x0000000085200000, 0x0000000085200000| Untracked 
|  57|0x0000000085300000, 0x0000000085300000, 0x0000000085400000|  0%| F|  |TAMS 0x0000000085300000, 0x0000000085300000| Untracked 
|  58|0x0000000085400000, 0x0000000085400000, 0x0000000085500000|  0%| F|  |TAMS 0x0000000085400000, 0x0000000085400000| Untracked 
|  59|0x0000000085500000, 0x0000000085500000, 0x0000000085600000|  0%| F|  |TAMS 0x0000000085500000, 0x0000000085500000| Untracked 
|  60|0x0000000085600000, 0x0000000085600000, 0x0000000085700000|  0%| F|  |TAMS 0x0000000085600000, 0x0000000085600000| Untracked 
|  61|0x0000000085700000, 0x0000000085700000, 0x0000000085800000|  0%| F|  |TAMS 0x0000000085700000, 0x0000000085700000| Untracked 
|  62|0x0000000085800000, 0x0000000085800000, 0x0000000085900000|  0%| F|  |TAMS 0x0000000085800000, 0x0000000085800000| Untracked 
|  63|0x0000000085900000, 0x0000000085900000, 0x0000000085a00000|  0%| F|  |TAMS 0x0000000085900000, 0x0000000085900000| Untracked 
|  64|0x0000000085a00000, 0x0000000085a00000, 0x0000000085b00000|  0%| F|  |TAMS 0x0000000085a00000, 0x0000000085a00000| Untracked 
|  65|0x0000000085b00000, 0x0000000085b00000, 0x0000000085c00000|  0%| F|  |TAMS 0x0000000085b00000, 0x0000000085b00000| Untracked 
|  66|0x0000000085c00000, 0x0000000085c00000, 0x0000000085d00000|  0%| F|  |TAMS 0x0000000085c00000, 0x0000000085c00000| Untracked 
|  67|0x0000000085d00000, 0x0000000085d00000, 0x0000000085e00000|  0%| F|  |TAMS 0x0000000085d00000, 0x0000000085d00000| Untracked 
|  68|0x0000000085e00000, 0x0000000085e00000, 0x0000000085f00000|  0%| F|  |TAMS 0x0000000085e00000, 0x0000000085e00000| Untracked 
|  69|0x0000000085f00000, 0x0000000085f00000, 0x0000000086000000|  0%| F|  |TAMS 0x0000000085f00000, 0x0000000085f00000| Untracked 
|  70|0x0000000086000000, 0x0000000086000000, 0x0000000086100000|  0%| F|  |TAMS 0x0000000086000000, 0x0000000086000000| Untracked 
|  71|0x0000000086100000, 0x0000000086100000, 0x0000000086200000|  0%| F|  |TAMS 0x0000000086100000, 0x0000000086100000| Untracked 
|  72|0x0000000086200000, 0x0000000086200000, 0x0000000086300000|  0%| F|  |TAMS 0x0000000086200000, 0x0000000086200000| Untracked 
|  73|0x0000000086300000, 0x0000000086300000, 0x0000000086400000|  0%| F|  |TAMS 0x0000000086300000, 0x0000000086300000| Untracked 
|  74|0x0000000086400000, 0x0000000086400000, 0x0000000086500000|  0%| F|  |TAMS 0x0000000086400000, 0x0000000086400000| Untracked 
|  75|0x0000000086500000, 0x0000000086500000, 0x0000000086600000|  0%| F|  |TAMS 0x0000000086500000, 0x0000000086500000| Untracked 
|  76|0x0000000086600000, 0x0000000086600000, 0x0000000086700000|  0%| F|  |TAMS 0x0000000086600000, 0x0000000086600000| Untracked 
|  77|0x0000000086700000, 0x0000000086700000, 0x0000000086800000|  0%| F|  |TAMS 0x0000000086700000, 0x0000000086700000| Untracked 
|  78|0x0000000086800000, 0x0000000086800000, 0x0000000086900000|  0%| F|  |TAMS 0x0000000086800000, 0x0000000086800000| Untracked 
|  79|0x0000000086900000, 0x0000000086900000, 0x0000000086a00000|  0%| F|  |TAMS 0x0000000086900000, 0x0000000086900000| Untracked 
|  80|0x0000000086a00000, 0x0000000086a00000, 0x0000000086b00000|  0%| F|  |TAMS 0x0000000086a00000, 0x0000000086a00000| Untracked 
|  81|0x0000000086b00000, 0x0000000086b00000, 0x0000000086c00000|  0%| F|  |TAMS 0x0000000086b00000, 0x0000000086b00000| Untracked 
|  82|0x0000000086c00000, 0x0000000086c00000, 0x0000000086d00000|  0%| F|  |TAMS 0x0000000086c00000, 0x0000000086c00000| Untracked 
|  83|0x0000000086d00000, 0x0000000086d00000, 0x0000000086e00000|  0%| F|  |TAMS 0x0000000086d00000, 0x0000000086d00000| Untracked 
|  84|0x0000000086e00000, 0x0000000086e00000, 0x0000000086f00000|  0%| F|  |TAMS 0x0000000086e00000, 0x0000000086e00000| Untracked 
|  85|0x0000000086f00000, 0x0000000086f00000, 0x0000000087000000|  0%| F|  |TAMS 0x0000000086f00000, 0x0000000086f00000| Untracked 
|  86|0x0000000087000000, 0x0000000087000000, 0x0000000087100000|  0%| F|  |TAMS 0x0000000087000000, 0x0000000087000000| Untracked 
|  87|0x0000000087100000, 0x0000000087100000, 0x0000000087200000|  0%| F|  |TAMS 0x0000000087100000, 0x0000000087100000| Untracked 
|  88|0x0000000087200000, 0x0000000087300000, 0x0000000087300000|100%| S|CS|TAMS 0x0000000087200000, 0x0000000087200000| Complete 
|  89|0x0000000087300000, 0x0000000087400000, 0x0000000087400000|100%| S|CS|TAMS 0x0000000087300000, 0x0000000087300000| Complete 
|  90|0x0000000087400000, 0x0000000087500000, 0x0000000087500000|100%| S|CS|TAMS 0x0000000087400000, 0x0000000087400000| Complete 
|  91|0x0000000087500000, 0x0000000087600000, 0x0000000087600000|100%| S|CS|TAMS 0x0000000087500000, 0x0000000087500000| Complete 
|  92|0x0000000087600000, 0x0000000087700000, 0x0000000087700000|100%| S|CS|TAMS 0x0000000087600000, 0x0000000087600000| Complete 
|  93|0x0000000087700000, 0x0000000087700000, 0x0000000087800000|  0%| F|  |TAMS 0x0000000087700000, 0x0000000087700000| Untracked 
|  94|0x0000000087800000, 0x0000000087800000, 0x0000000087900000|  0%| F|  |TAMS 0x0000000087800000, 0x0000000087800000| Untracked 
|  95|0x0000000087900000, 0x0000000087900000, 0x0000000087a00000|  0%| F|  |TAMS 0x0000000087900000, 0x0000000087900000| Untracked 
|  96|0x0000000087a00000, 0x0000000087a00000, 0x0000000087b00000|  0%| F|  |TAMS 0x0000000087a00000, 0x0000000087a00000| Untracked 
|  97|0x0000000087b00000, 0x0000000087b00000, 0x0000000087c00000|  0%| F|  |TAMS 0x0000000087b00000, 0x0000000087b00000| Untracked 
|  98|0x0000000087c00000, 0x0000000087c00000, 0x0000000087d00000|  0%| F|  |TAMS 0x0000000087c00000, 0x0000000087c00000| Untracked 
|  99|0x0000000087d00000, 0x0000000087d00000, 0x0000000087e00000|  0%| F|  |TAMS 0x0000000087d00000, 0x0000000087d00000| Untracked 
| 100|0x0000000087e00000, 0x0000000087e00000, 0x0000000087f00000|  0%| F|  |TAMS 0x0000000087e00000, 0x0000000087e00000| Untracked 
| 101|0x0000000087f00000, 0x0000000087f00000, 0x0000000088000000|  0%| F|  |TAMS 0x0000000087f00000, 0x0000000087f00000| Untracked 
| 102|0x0000000088000000, 0x0000000088000000, 0x0000000088100000|  0%| F|  |TAMS 0x0000000088000000, 0x0000000088000000| Untracked 
| 103|0x0000000088100000, 0x0000000088100000, 0x0000000088200000|  0%| F|  |TAMS 0x0000000088100000, 0x0000000088100000| Untracked 
| 104|0x0000000088200000, 0x0000000088200000, 0x0000000088300000|  0%| F|  |TAMS 0x0000000088200000, 0x0000000088200000| Untracked 
| 105|0x0000000088300000, 0x0000000088300000, 0x0000000088400000|  0%| F|  |TAMS 0x0000000088300000, 0x0000000088300000| Untracked 
| 106|0x0000000088400000, 0x0000000088400000, 0x0000000088500000|  0%| F|  |TAMS 0x0000000088400000, 0x0000000088400000| Untracked 
| 107|0x0000000088500000, 0x0000000088500000, 0x0000000088600000|  0%| F|  |TAMS 0x0000000088500000, 0x0000000088500000| Untracked 
| 108|0x0000000088600000, 0x0000000088600000, 0x0000000088700000|  0%| F|  |TAMS 0x0000000088600000, 0x0000000088600000| Untracked 
| 109|0x0000000088700000, 0x0000000088700000, 0x0000000088800000|  0%| F|  |TAMS 0x0000000088700000, 0x0000000088700000| Untracked 
| 110|0x0000000088800000, 0x0000000088800000, 0x0000000088900000|  0%| F|  |TAMS 0x0000000088800000, 0x0000000088800000| Untracked 
| 111|0x0000000088900000, 0x0000000088900000, 0x0000000088a00000|  0%| F|  |TAMS 0x0000000088900000, 0x0000000088900000| Untracked 
| 112|0x0000000088a00000, 0x0000000088a00000, 0x0000000088b00000|  0%| F|  |TAMS 0x0000000088a00000, 0x0000000088a00000| Untracked 
| 113|0x0000000088b00000, 0x0000000088b00000, 0x0000000088c00000|  0%| F|  |TAMS 0x0000000088b00000, 0x0000000088b00000| Untracked 
| 114|0x0000000088c00000, 0x0000000088c00000, 0x0000000088d00000|  0%| F|  |TAMS 0x0000000088c00000, 0x0000000088c00000| Untracked 
| 115|0x0000000088d00000, 0x0000000088d00000, 0x0000000088e00000|  0%| F|  |TAMS 0x0000000088d00000, 0x0000000088d00000| Untracked 
| 116|0x0000000088e00000, 0x0000000088e00000, 0x0000000088f00000|  0%| F|  |TAMS 0x0000000088e00000, 0x0000000088e00000| Untracked 
| 117|0x0000000088f00000, 0x0000000088f00000, 0x0000000089000000|  0%| F|  |TAMS 0x0000000088f00000, 0x0000000088f00000| Untracked 
| 118|0x0000000089000000, 0x00000000890a0fd0, 0x0000000089100000| 62%| E|  |TAMS 0x0000000089000000, 0x0000000089000000| Complete 
| 119|0x0000000089100000, 0x0000000089200000, 0x0000000089200000|100%| E|CS|TAMS 0x0000000089100000, 0x0000000089100000| Complete 
| 120|0x0000000089200000, 0x0000000089300000, 0x0000000089300000|100%| E|CS|TAMS 0x0000000089200000, 0x0000000089200000| Complete 
| 121|0x0000000089300000, 0x0000000089400000, 0x0000000089400000|100%| E|CS|TAMS 0x0000000089300000, 0x0000000089300000| Complete 
| 122|0x0000000089400000, 0x0000000089500000, 0x0000000089500000|100%| E|CS|TAMS 0x0000000089400000, 0x0000000089400000| Complete 
| 123|0x0000000089500000, 0x0000000089600000, 0x0000000089600000|100%| E|CS|TAMS 0x0000000089500000, 0x0000000089500000| Complete 
| 124|0x0000000089600000, 0x0000000089700000, 0x0000000089700000|100%| E|CS|TAMS 0x0000000089600000, 0x0000000089600000| Complete 
| 125|0x0000000089700000, 0x0000000089800000, 0x0000000089800000|100%| E|CS|TAMS 0x0000000089700000, 0x0000000089700000| Complete 
| 126|0x0000000089800000, 0x0000000089900000, 0x0000000089900000|100%| E|CS|TAMS 0x0000000089800000, 0x0000000089800000| Complete 
| 127|0x0000000089900000, 0x0000000089a00000, 0x0000000089a00000|100%| E|CS|TAMS 0x0000000089900000, 0x0000000089900000| Complete 

Card table byte_map: [0x000001b7ea960000,0x000001b7ead60000] _byte_map_base: 0x000001b7ea553000

Marking Bits (Prev, Next): (CMBitMap*) 0x000001b7d3eef5e8, (CMBitMap*) 0x000001b7d3eef620
 Prev Bits: [0x000001b7eb160000, 0x000001b7ed0f8000)
 Next Bits: [0x000001b7ed100000, 0x000001b7ef098000)

Polling page: 0x000001b7d1d40000

Metaspace:

Usage:
  Non-class:     18.12 MB capacity,    18.00 MB (>99%) used,   101.44 KB ( <1%) free+waste,    24.44 KB ( <1%) overhead. 
      Class:      2.45 MB capacity,     2.38 MB ( 97%) used,    62.86 KB (  3%) free+waste,    10.00 KB ( <1%) overhead. 
       Both:     20.57 MB capacity,    20.37 MB (>99%) used,   164.30 KB ( <1%) free+waste,    34.44 KB ( <1%) overhead. 

Virtual space:
  Non-class space:       20.00 MB reserved,      18.25 MB ( 91%) committed 
      Class space:        1.00 GB reserved,       2.50 MB ( <1%) committed 
             Both:        1.02 GB reserved,      20.75 MB (  2%) committed 

Chunk freelists:
   Non-Class:  512 bytes
       Class:  2.88 KB
        Both:  3.38 KB

CodeHeap 'non-profiled nmethods': size=120064Kb used=830Kb max_used=830Kb free=119234Kb
 bounds [0x000001b7e3020000, 0x000001b7e3290000, 0x000001b7ea560000]
CodeHeap 'profiled nmethods': size=120000Kb used=4391Kb max_used=4391Kb free=115608Kb
 bounds [0x000001b7dbaf0000, 0x000001b7dbf40000, 0x000001b7e3020000]
CodeHeap 'non-nmethods': size=5696Kb used=1133Kb max_used=1163Kb free=4562Kb
 bounds [0x000001b7db560000, 0x000001b7db7d0000, 0x000001b7dbaf0000]
 total_blobs=2732 nmethods=2269 adapters=373
 compilation: enabled
              stopped_count=0, restarted_count=0
 full_count=0

Compilation events (10 events):
Event: 1.798 Thread 0x000001b7f1edf000 2139       1       java.util.concurrent.ConcurrentHashMap$MapEntry::getKey (5 bytes)
Event: 1.798 Thread 0x000001b7f1edf000 nmethod 2139 0x000001b7e30e8c10 code [0x000001b7e30e8da0, 0x000001b7e30e8e58]
Event: 1.798 Thread 0x000001b7f1edf000 2140       1       java.util.concurrent.ConcurrentHashMap$MapEntry::getValue (5 bytes)
Event: 1.798 Thread 0x000001b7f1edf000 nmethod 2140 0x000001b7e30e8f10 code [0x000001b7e30e90a0, 0x000001b7e30e9158]
Event: 1.798 Thread 0x000001b7f1edf000 2141       2       java.util.Calendar::internalSet (8 bytes)
Event: 1.798 Thread 0x000001b7f1edf000 nmethod 2141 0x000001b7dbf00e10 code [0x000001b7dbf00fa0, 0x000001b7dbf010b8]
Event: 1.798 Thread 0x000001b7f1edf000 2142       2       sun.util.calendar.BaseCalendar::isLeapYear (5 bytes)
Event: 1.799 Thread 0x000001b7f1edf000 nmethod 2142 0x000001b7dbf01190 code [0x000001b7dbf01320, 0x000001b7dbf014d8]
Event: 1.799 Thread 0x000001b7f1edf000 2143       2       sun.util.calendar.CalendarUtils::isGregorianLeapYear (27 bytes)
Event: 1.799 Thread 0x000001b7f1edf000 nmethod 2143 0x000001b7dbf01610 code [0x000001b7dbf017a0, 0x000001b7dbf01938]

GC Heap History (8 events):
Event: 0.432 GC heap before
{Heap before GC invocations=0 (full 0):
 garbage-first heap   total 131072K, used 13312K [0x0000000081a00000, 0x0000000100000000)
  region size 1024K, 14 young (14336K), 0 survivors (0K)
 Metaspace       used 9317K, capacity 9458K, committed 9600K, reserved 1058816K
  class space    used 829K, capacity 869K, committed 896K, reserved 1048576K
}
Event: 0.437 GC heap after
{Heap after GC invocations=1 (full 0):
 garbage-first heap   total 131072K, used 4849K [0x0000000081a00000, 0x0000000100000000)
  region size 1024K, 2 young (2048K), 2 survivors (2048K)
 Metaspace       used 9317K, capacity 9458K, committed 9600K, reserved 1058816K
  class space    used 829K, capacity 869K, committed 896K, reserved 1048576K
}
Event: 0.602 GC heap before
{Heap before GC invocations=1 (full 0):
 garbage-first heap   total 131072K, used 16113K [0x0000000081a00000, 0x0000000100000000)
  region size 1024K, 14 young (14336K), 2 survivors (2048K)
 Metaspace       used 10466K, capacity 10645K, committed 10880K, reserved 1058816K
  class space    used 974K, capacity 1032K, committed 1152K, reserved 1048576K
}
Event: 0.606 GC heap after
{Heap after GC invocations=2 (full 0):
 garbage-first heap   total 131072K, used 6181K [0x0000000081a00000, 0x0000000100000000)
  region size 1024K, 2 young (2048K), 2 survivors (2048K)
 Metaspace       used 10466K, capacity 10645K, committed 10880K, reserved 1058816K
  class space    used 974K, capacity 1032K, committed 1152K, reserved 1048576K
}
Event: 1.010 GC heap before
{Heap before GC invocations=2 (full 0):
 garbage-first heap   total 131072K, used 27685K [0x0000000081a00000, 0x0000000100000000)
  region size 1024K, 24 young (24576K), 2 survivors (2048K)
 Metaspace       used 14680K, capacity 14847K, committed 14976K, reserved 1062912K
  class space    used 1559K, capacity 1622K, committed 1664K, reserved 1048576K
}
Event: 1.015 GC heap after
{Heap after GC invocations=3 (full 0):
 garbage-first heap   total 131072K, used 10166K [0x0000000081a00000, 0x0000000100000000)
  region size 1024K, 3 young (3072K), 3 survivors (3072K)
 Metaspace       used 14680K, capacity 14847K, committed 14976K, reserved 1062912K
  class space    used 1559K, capacity 1622K, committed 1664K, reserved 1048576K
}
Event: 1.692 GC heap before
{Heap before GC invocations=3 (full 0):
 garbage-first heap   total 131072K, used 42934K [0x0000000081a00000, 0x0000000100000000)
  region size 1024K, 35 young (35840K), 3 survivors (3072K)
 Metaspace       used 19268K, capacity 19509K, committed 19712K, reserved 1067008K
  class space    used 2188K, capacity 2273K, committed 2304K, reserved 1048576K
}
Event: 1.700 GC heap after
{Heap after GC invocations=4 (full 0):
 garbage-first heap   total 131072K, used 13234K [0x0000000081a00000, 0x0000000100000000)
  region size 1024K, 5 young (5120K), 5 survivors (5120K)
 Metaspace       used 19268K, capacity 19509K, committed 19712K, reserved 1067008K
  class space    used 2188K, capacity 2273K, committed 2304K, reserved 1048576K
}

Deoptimization events (10 events):
Event: 1.477 Thread 0x000001b7d3ead800 Uncommon trap: reason=unstable_if action=reinterpret pc=0x000001b7e30b4b10 method=java.util.HashMap.hash(Ljava/lang/Object;)I @ 1 c2
Event: 1.482 Thread 0x000001b7d3ead800 Uncommon trap: reason=unstable_if action=reinterpret pc=0x000001b7e30c3fc4 method=java.util.HashMap.hash(Ljava/lang/Object;)I @ 1 c2
Event: 1.672 Thread 0x000001b7d3ead800 Uncommon trap: reason=unstable_if action=reinterpret pc=0x000001b7e30d6354 method=org.eclipse.emf.common.util.WeakInterningHashSet.addEntry(ILorg/eclipse/emf/common/util/WeakInterningHashSet$Entry;)V @ 4 c2
Event: 1.701 Thread 0x000001b7d3ead800 Uncommon trap: reason=unstable_if action=reinterpret pc=0x000001b7e30d4358 method=org.eclipse.emf.common.util.Pool.access(ZLorg/eclipse/emf/common/util/Pool$AccessUnit;)V @ 48 c2
Event: 1.706 Thread 0x000001b7d3ead800 Uncommon trap: reason=unstable_if action=reinterpret pc=0x000001b7e30dd0e0 method=java.util.concurrent.locks.ReentrantReadWriteLock$Sync.tryAcquire(I)Z @ 29 c2
Event: 1.707 Thread 0x000001b7f1f2a000 Uncommon trap: reason=unstable_if action=reinterpret pc=0x000001b7e30ddfe4 method=java.util.concurrent.locks.ReentrantReadWriteLock$Sync.tryAcquire(I)Z @ 29 c2
Event: 1.708 Thread 0x000001b7d3ead800 Uncommon trap: reason=unstable_if action=reinterpret pc=0x000001b7e30dd7e8 method=java.util.concurrent.locks.AbstractQueuedSynchronizer.release(I)Z @ 14 c2
Event: 1.725 Thread 0x000001b7d3ead800 Uncommon trap: reason=unstable_if action=reinterpret pc=0x000001b7e30e5138 method=java.util.concurrent.locks.AbstractQueuedSynchronizer.release(I)Z @ 14 c2
Event: 1.787 Thread 0x000001b7d3ead800 Uncommon trap: reason=class_check action=maybe_recompile pc=0x000001b7e30c53b4 method=org.eclipse.emf.common.notify.impl.BasicNotifierImpl.eNotificationRequired()Z @ 8 c2
Event: 1.798 Thread 0x000001b7d3ead800 Uncommon trap: reason=class_check action=maybe_recompile pc=0x000001b7e30c53b4 method=org.eclipse.emf.common.notify.impl.BasicNotifierImpl.eNotificationRequired()Z @ 8 c2

Classes redefined (0 events):
No events

Internal exceptions (10 events):
Event: 0.532 Thread 0x000001b7d3ead800 Exception <a 'java/lang/ClassNotFoundException'{0x0000000089511410}: org/apache/log4j/LayoutBeanInfo> (0x0000000089511410) thrown at [./open/src/hotspot/share/classfile/systemDictionary.cpp, line 226]
Event: 0.532 Thread 0x000001b7d3ead800 Exception <a 'java/lang/ClassNotFoundException'{0x0000000089511ea8}: java/lang/ObjectBeanInfo> (0x0000000089511ea8) thrown at [./open/src/hotspot/share/classfile/systemDictionary.cpp, line 226]
Event: 0.540 Thread 0x000001b7d3ead800 Exception <a 'java/lang/ClassNotFoundException'{0x000000008954ba78}: java/lang/ObjectCustomizer> (0x000000008954ba78) thrown at [./open/src/hotspot/share/classfile/systemDictionary.cpp, line 226]
Event: 0.549 Thread 0x000001b7d3ead800 Exception <a 'java/lang/ClassNotFoundException'{0x00000000895607a0}: org/apache/log4j/LayoutCustomizer> (0x00000000895607a0) thrown at [./open/src/hotspot/share/classfile/systemDictionary.cpp, line 226]
Event: 0.551 Thread 0x000001b7d3ead800 Exception <a 'java/lang/ClassNotFoundException'{0x0000000089573170}: org/apache/log4j/PatternLayoutCustomizer> (0x0000000089573170) thrown at [./open/src/hotspot/share/classfile/systemDictionary.cpp, line 226]
Event: 0.554 Thread 0x000001b7d3ead800 Implicit null exception at 0x000001b7e3060dd4 to 0x000001b7e30612cc
Event: 0.698 Thread 0x000001b7d3ead800 Exception <a 'java/lang/NoClassDefFoundError'{0x00000000894a7060}: org/osgi/framework/FrameworkUtil> (0x00000000894a7060) thrown at [./open/src/hotspot/share/classfile/systemDictionary.cpp, line 215]
Event: 0.698 Thread 0x000001b7d3ead800 Exception <a 'java/lang/NoClassDefFoundError'{0x00000000894a8eb0}: org/eclipse/core/runtime/Platform> (0x00000000894a8eb0) thrown at [./open/src/hotspot/share/classfile/systemDictionary.cpp, line 215]
Event: 1.477 Thread 0x000001b7d3ead800 Implicit null exception at 0x000001b7e30b4955 to 0x000001b7e30b4b00
Event: 1.482 Thread 0x000001b7d3ead800 Implicit null exception at 0x000001b7e30c391b to 0x000001b7e30c3faa

Events (10 events):
Event: 1.798 loading class java/text/DontCareFieldPosition done
Event: 1.798 loading class java/text/DontCareFieldPosition$1
Event: 1.798 loading class java/text/Format$FieldDelegate
Event: 1.798 loading class java/text/Format$FieldDelegate done
Event: 1.798 loading class java/text/DontCareFieldPosition$1 done
Event: 1.798 Thread 0x000001b7d3ead800 Uncommon trap: trap_request=0xffffffde fr.pc=0x000001b7e30c53b4 relative=0x0000000000000094
Event: 1.798 Thread 0x000001b7d3ead800 DEOPT PACKING pc=0x000001b7e30c53b4 sp=0x00000050adafd140
Event: 1.798 Thread 0x000001b7d3ead800 DEOPT UNPACKING pc=0x000001b7db5865af sp=0x00000050adafd0d0 mode 2
Event: 1.799 loading class org/eclipse/emf/ecore/resource/impl/ResourceImpl$9
Event: 1.799 loading class org/eclipse/emf/ecore/resource/impl/ResourceImpl$9 done


Dynamic libraries:
0x00007ff6a7760000 - 0x00007ff6a776f000 	C:\Program Files\Java\jdk-11.0.17\bin\javaw.exe
0x00007ffe334b0000 - 0x00007ffe336a8000 	C:\WINDOWS\SYSTEM32\ntdll.dll
0x00007ffe32290000 - 0x00007ffe3234f000 	C:\WINDOWS\System32\KERNEL32.DLL
0x00007ffe30fc0000 - 0x00007ffe31292000 	C:\WINDOWS\System32\KERNELBASE.dll
0x00007ffe30ec0000 - 0x00007ffe30fc0000 	C:\WINDOWS\System32\ucrtbase.dll
0x00007ffe29e40000 - 0x00007ffe29e55000 	C:\Program Files\Java\jdk-11.0.17\bin\VCRUNTIME140.dll
0x00007ffe28fb0000 - 0x00007ffe28fc8000 	C:\Program Files\Java\jdk-11.0.17\bin\jli.dll
0x00007ffe321e0000 - 0x00007ffe3228e000 	C:\WINDOWS\System32\ADVAPI32.dll
0x00007ffe32530000 - 0x00007ffe325ce000 	C:\WINDOWS\System32\msvcrt.dll
0x00007ffe32490000 - 0x00007ffe3252c000 	C:\WINDOWS\System32\sechost.dll
0x00007ffe31c30000 - 0x00007ffe31d55000 	C:\WINDOWS\System32\RPCRT4.dll
0x00007ffe33190000 - 0x00007ffe33331000 	C:\WINDOWS\System32\USER32.dll
0x00007ffe30bf0000 - 0x00007ffe30c12000 	C:\WINDOWS\System32\win32u.dll
0x00007ffe31d60000 - 0x00007ffe31d8b000 	C:\WINDOWS\System32\GDI32.dll
0x00007ffe30c50000 - 0x00007ffe30d5f000 	C:\WINDOWS\System32\gdi32full.dll
0x00007ffe31450000 - 0x00007ffe314ed000 	C:\WINDOWS\System32\msvcp_win.dll
0x00007ffe1cd30000 - 0x00007ffe1cfca000 	C:\WINDOWS\WinSxS\amd64_microsoft.windows.common-controls_6595b64144ccf1df_6.0.19041.1110_none_60b5254171f9507e\COMCTL32.dll
0x00007ffe30650000 - 0x00007ffe3065a000 	C:\WINDOWS\SYSTEM32\VERSION.dll
0x00007ffe32020000 - 0x00007ffe32052000 	C:\WINDOWS\System32\IMM32.DLL
0x000000005b060000 - 0x000000005b06c000 	C:\Program Files (x86)\360\Total Security\safemon\SafeWrapper.dll
0x00007ffe23720000 - 0x00007ffe237b2000 	C:\Program Files (x86)\360\Total Security\safemon\libzdtp64.dll
0x00007ffe32a40000 - 0x00007ffe33184000 	C:\WINDOWS\System32\SHELL32.dll
0x00007ffe32060000 - 0x00007ffe320b5000 	C:\WINDOWS\System32\SHLWAPI.dll
0x00007ffe18fc0000 - 0x00007ffe1905b000 	C:\Program Files\Java\jdk-11.0.17\bin\msvcp140.dll
0x00007ffde8020000 - 0x00007ffde8b3a000 	C:\Program Files\Java\jdk-11.0.17\bin\server\jvm.dll
0x00007ffe31e80000 - 0x00007ffe31e88000 	C:\WINDOWS\System32\PSAPI.DLL
0x00007ffe1f290000 - 0x00007ffe1f299000 	C:\WINDOWS\SYSTEM32\WSOCK32.dll
0x00007ffe28210000 - 0x00007ffe28237000 	C:\WINDOWS\SYSTEM32\WINMM.dll
0x00007ffe33340000 - 0x00007ffe333ab000 	C:\WINDOWS\System32\WS2_32.dll
0x00007ffe2ea10000 - 0x00007ffe2ea22000 	C:\WINDOWS\SYSTEM32\kernel.appcore.dll
0x00007ffe28580000 - 0x00007ffe28590000 	C:\Program Files\Java\jdk-11.0.17\bin\verify.dll
0x00007ffe2b5d0000 - 0x00007ffe2b7b4000 	C:\WINDOWS\SYSTEM32\DBGHELP.DLL
0x00007ffe2b320000 - 0x00007ffe2b355000 	C:\WINDOWS\SYSTEM32\dbgcore.DLL
0x00007ffe313c0000 - 0x00007ffe31442000 	C:\WINDOWS\System32\bcryptPrimitives.dll
0x00007ffe238e0000 - 0x00007ffe23908000 	C:\Program Files\Java\jdk-11.0.17\bin\java.dll
0x00007ffe28570000 - 0x00007ffe2857a000 	C:\Program Files\Java\jdk-11.0.17\bin\jimage.dll
0x00007ffe28130000 - 0x00007ffe28146000 	C:\Program Files\Java\jdk-11.0.17\bin\zip.dll
0x00007ffe2ec10000 - 0x00007ffe2f3a2000 	C:\WINDOWS\SYSTEM32\windows.storage.dll
0x00007ffe314f0000 - 0x00007ffe31845000 	C:\WINDOWS\System32\combase.dll
0x00007ffe304b0000 - 0x00007ffe304e0000 	C:\WINDOWS\SYSTEM32\Wldp.dll
0x00007ffe333b0000 - 0x00007ffe3345d000 	C:\WINDOWS\System32\SHCORE.dll
0x00007ffe30ae0000 - 0x00007ffe30aff000 	C:\WINDOWS\SYSTEM32\profapi.dll
0x00007ffe238c0000 - 0x00007ffe238d9000 	C:\Program Files\Java\jdk-11.0.17\bin\net.dll
0x00007ffe2a970000 - 0x00007ffe2aa7c000 	C:\WINDOWS\SYSTEM32\WINHTTP.dll
0x00007ffe30210000 - 0x00007ffe3027a000 	C:\WINDOWS\system32\mswsock.dll
0x00007ffe238a0000 - 0x00007ffe238b2000 	C:\Program Files\Java\jdk-11.0.17\bin\nio.dll

dbghelp: loaded successfully - version: 4.0.5 - missing functions: none
symbol engine: initialized successfully - sym options: 0x614 - pdb path: .;C:\Program Files\Java\jdk-11.0.17\bin;C:\WINDOWS\SYSTEM32;C:\WINDOWS\WinSxS\amd64_microsoft.windows.common-controls_6595b64144ccf1df_6.0.19041.1110_none_60b5254171f9507e;C:\Program Files (x86)\360\Total Security\safemon;C:\Program Files\Java\jdk-11.0.17\bin\server

VM Arguments:
jvm_args: -Dfile.encoding=Cp1252 
java_command: org.eclipse.emf.mwe2.launch.runtime.Mwe2Launcher src/self_checkout_experience/GenerateSelfCheckout.mwe2
java_class_path (initial): C:\Users\Rimon Choudhury\Desktop\MDE_CW\self-checkout-experience\self_checkout_experience\bin;C:\Users\Rimon Choudhury\Downloads\eclipse_win64\eclipse\plugins\org.eclipse.xtext_2.25.0.v20210301-0843.jar;C:\Users\Rimon Choudhury\Downloads\eclipse_win64\eclipse\plugins\org.eclipse.emf.ecore.xmi_2.16.0.v20190528-0725.jar;C:\Users\Rimon Choudhury\Downloads\eclipse_win64\eclipse\plugins\org.eclipse.emf.ecore_2.25.0.v20210816-0937.jar;C:\Users\Rimon Choudhury\Downloads\eclipse_win64\eclipse\plugins\org.eclipse.emf.common_2.23.0.v20210924-1718.jar;C:\Users\Rimon Choudhury\Downloads\eclipse_win64\eclipse\plugins\org.antlr.runtime_3.2.0.v201101311130.jar;C:\Users\Rimon Choudhury\Downloads\eclipse_win64\eclipse\plugins\com.google.inject_3.0.0.v201605172100.jar;C:\Users\Rimon Choudhury\Downloads\eclipse_win64\eclipse\plugins\org.eclipse.emf.mwe.core_1.6.1.v20210218-2134.jar;C:\Users\Rimon Choudhury\Downloads\eclipse_win64\eclipse\plugins\org.apache.commons.cli_1.4.0.v20200417-1444.jar;C:\Users\Rimon Choudhury\Downloads\eclipse_win64\eclipse\plugins\org.eclipse.emf.mwe2.runtime_2.12.1.v20210218-2134.jar;C:\Users\Rimon Choudhury\Downloads\eclipse_win64\eclipse\plugins\org.eclipse.emf.mwe.utils_1.6.1.v20210218-2134.jar;C:\Users\Rimon Choudhury\Downloads\eclipse_win64\eclipse\plugins\org.eclipse.xtext.util_2.25.0.v20210301-0843.jar;C:\Users\Rimon Choudhury\Downloads\eclipse_win64\eclipse\plugins\com.google.guava_30.1.0.v20210127-2300.jar;C:\Users\Rimon Choudhury\Downloads\eclipse_win64\eclipse\plugins\javax.inject_1.0.0.v20091030.jar;C:\Users\Rimon Choudhury\Downloads\eclipse_win64\eclipse\plugins\org.eclipse.xtext.xbase_2.25.0.v20210301-0909.jar;C:\Users\Rimon Choudhury\Downloads\eclipse_win64\eclipse\plugins\org.eclipse.xtext.common.types_2.25.0.v20210301-0909.jar;C:\Users\Rimon Choudhury\Downloads\eclipse_win64\eclipse\plugins\org.eclipse.xtend.lib_2.25.0.v20210301-0821.jar;C:\Users\Rimon Choudhury\Downloads\eclipse_win64\eclipse\plugins\org.eclipse
Launcher Type: SUN_STANDARD

[Global flags]
     intx CICompilerCount                          = 3                                         {product} {ergonomic}
     uint ConcGCThreads                            = 1                                         {product} {ergonomic}
     uint G1ConcRefinementThreads                  = 4                                         {product} {ergonomic}
   size_t G1HeapRegionSize                         = 1048576                                   {product} {ergonomic}
    uintx GCDrainStackTargetSize                   = 64                                        {product} {ergonomic}
   size_t InitialHeapSize                          = 134217728                                 {product} {ergonomic}
   size_t MarkStackSize                            = 4194304                                   {product} {ergonomic}
   size_t MaxHeapSize                              = 2120220672                                {product} {ergonomic}
   size_t MaxNewSize                               = 1271922688                                {product} {ergonomic}
   size_t MinHeapDeltaBytes                        = 1048576                                   {product} {ergonomic}
    uintx NonNMethodCodeHeapSize                   = 5830732                                {pd product} {ergonomic}
    uintx NonProfiledCodeHeapSize                  = 122913754                              {pd product} {ergonomic}
    uintx ProfiledCodeHeapSize                     = 122913754                              {pd product} {ergonomic}
    uintx ReservedCodeCacheSize                    = 251658240                              {pd product} {ergonomic}
     bool SegmentedCodeCache                       = true                                      {product} {ergonomic}
     bool UseCompressedClassPointers               = true                                 {lp64_product} {ergonomic}
     bool UseCompressedOops                        = true                                 {lp64_product} {ergonomic}
     bool UseG1GC                                  = true                                      {product} {ergonomic}
     bool UseLargePagesIndividualAllocation        = false                                  {pd product} {ergonomic}

Logging:
Log output configuration:
 #0: stdout all=warning uptime,level,tags
 #1: stderr all=off uptime,level,tags

Environment Variables:
PATH=C:\Program Files\Common Files\Oracle\Java\javapath;C:\WINDOWS\system32;C:\WINDOWS;C:\WINDOWS\System32\Wbem;C:\WINDOWS\System32\WindowsPowerShell\v1.0\;C:\Program Files (x86)\QuickTime\QTSystem\;C:\WINDOWS\System32\OpenSSH\;C:\Program Files\Git\cmd;C:\Users\Rimon Choudhury\AppData\Local\Microsoft\WindowsApps;
USERNAME=Rimon Choudhury
OS=Windows_NT
PROCESSOR_IDENTIFIER=Intel64 Family 6 Model 58 Stepping 9, GenuineIntel



---------------  S Y S T E M  ---------------

OS: Windows 10 , 64 bit Build 19041 (10.0.19041.2364)

CPU:total 4 (initial active 4) (4 cores per cpu, 1 threads per core) family 6 model 58 stepping 9 microcode 0x21, cmov, cx8, fxsr, mmx, sse, sse2, sse3, ssse3, sse4.1, sse4.2, popcnt, avx, aes, clmul, erms, tsc, tscinvbit, tscinv

Memory: 4k page, system-wide physical 8085M (1598M free)
TotalPageFile size 9109M (AvailPageFile size 0M)
current process WorkingSet (physical memory assigned to process): 123M, peak: 123M
current process commit charge ("private bytes"): 237M, peak: 237M

vm_info: Java HotSpot(TM) 64-Bit Server VM (11.0.17+10-LTS-269) for windows-amd64 JRE (11.0.17+10-LTS-269), built on Sep 13 2022 19:26:37 by "mach5one" with MS VC++ 15.9 (VS2017)

END.
