#
# There is insufficient memory for the Java Runtime Environment to continue.
# Native memory allocation (malloc) failed to allocate 1098416 bytes for Chunk::new
# Possible reasons:
#   The system is out of physical RAM or swap space
#   The process is running with CompressedOops enabled, and the Java Heap may be blocking the growth of the native heap
# Possible solutions:
#   Reduce memory load on the system
#   Increase physical memory or swap space
#   Check if swap backing store is full
#   Decrease Java heap size (-Xmx/-Xms)
#   Decrease number of Java threads
#   Decrease Java thread stack sizes (-Xss)
#   Set larger code cache with -XX:ReservedCodeCacheSize=
#   JVM is running with Unscaled Compressed Oops mode in which the Java heap is
#     placed in the first 4GB address space. The Java Heap base address is the
#     maximum limit for the native heap growth. Please use -XX:HeapBaseMinAddress
#     to set the Java Heap base and to place the Java Heap above 4GB virtual address.
# This output file may be truncated or incomplete.
#
#  Out of Memory Error (./open/src/hotspot/share/memory/arena.cpp:197), pid=17892, tid=12464
#
# JRE version: Java(TM) SE Runtime Environment 18.9 (11.0.17+10) (build 11.0.17+10-LTS-269)
# Java VM: Java HotSpot(TM) 64-Bit Server VM 18.9 (11.0.17+10-LTS-269, mixed mode, tiered, compressed oops, g1 gc, windows-amd64)
# No core dump will be written. Minidumps are not enabled by default on client versions of Windows
#

---------------  S U M M A R Y ------------

Command Line: -Dfile.encoding=Cp1252 org.eclipse.emf.mwe2.launch.runtime.Mwe2Launcher src/self_checkout_experience/GenerateSelfCheckout.mwe2

Host: Intel(R) Core(TM) i5-3340 CPU @ 3.10GHz, 4 cores, 7G,  Windows 10 , 64 bit Build 19041 (10.0.19041.2364)
Time: Mon Feb 20 15:54:21 2023 GMT Standard Time elapsed time: 2.271695 seconds (0d 0h 0m 2s)

---------------  T H R E A D  ---------------

Current thread (0x0000027ce0a0d000):  JavaThread "C2 CompilerThread0" daemon [_thread_in_native, id=12464, stack(0x0000009046d00000,0x0000009046e00000)]


Current CompileTask:
C2:   2271 2425       4       org.eclipse.emf.ecore.impl.EClassImpl::getEAllStructuralFeatures (220 bytes)

Stack: [0x0000009046d00000,0x0000009046e00000]
Native frames: (J=compiled Java code, j=interpreted, Vv=VM code, C=native code)
V  [jvm.dll+0x62b5da]
V  [jvm.dll+0x7653df]
V  [jvm.dll+0x766a89]
V  [jvm.dll+0x767113]
V  [jvm.dll+0x23dd28]
V  [jvm.dll+0xb2a1c]
V  [jvm.dll+0xb2fdc]
V  [jvm.dll+0x341552]
V  [jvm.dll+0x30ef13]
V  [jvm.dll+0x30e25a]
V  [jvm.dll+0x1f8733]
V  [jvm.dll+0x1f78fd]
V  [jvm.dll+0x177c91]
V  [jvm.dll+0x207296]
V  [jvm.dll+0x20542b]
V  [jvm.dll+0x72b2c0]
V  [jvm.dll+0x723e64]
V  [jvm.dll+0x62a485]
C  [ucrtbase.dll+0x21bb2]
C  [KERNEL32.DLL+0x17614]
C  [ntdll.dll+0x526a1]


---------------  P R O C E S S  ---------------

Threads class SMR info:
_java_thread_list=0x0000027ce1333010, length=13, elements={
0x0000027cc29da000, 0x0000027ce00d3000, 0x0000027ce00df800, 0x0000027ce00f0800,
0x0000027ce00f1800, 0x0000027ce00f3000, 0x0000027ce0a0d000, 0x0000027ce00f8000,
0x0000027ce00fd800, 0x0000027ce0bdd000, 0x0000027ce137b800, 0x0000027ce1114000,
0x0000027ce1892800
}

Java Threads: ( => current thread )
  0x0000027cc29da000 JavaThread "main" [_thread_in_vm_trans, id=17564, stack(0x0000009046100000,0x0000009046200000)]
  0x0000027ce00d3000 JavaThread "Reference Handler" daemon [_thread_blocked, id=9816, stack(0x0000009046800000,0x0000009046900000)]
  0x0000027ce00df800 JavaThread "Finalizer" daemon [_thread_blocked, id=6244, stack(0x0000009046900000,0x0000009046a00000)]
  0x0000027ce00f0800 JavaThread "Signal Dispatcher" daemon [_thread_blocked, id=1172, stack(0x0000009046a00000,0x0000009046b00000)]
  0x0000027ce00f1800 JavaThread "Attach Listener" daemon [_thread_blocked, id=18444, stack(0x0000009046b00000,0x0000009046c00000)]
  0x0000027ce00f3000 JavaThread "Service Thread" daemon [_thread_blocked, id=20660, stack(0x0000009046c00000,0x0000009046d00000)]
=>0x0000027ce0a0d000 JavaThread "C2 CompilerThread0" daemon [_thread_in_native, id=12464, stack(0x0000009046d00000,0x0000009046e00000)]
  0x0000027ce00f8000 JavaThread "C1 CompilerThread0" daemon [_thread_blocked, id=21368, stack(0x0000009046e00000,0x0000009046f00000)]
  0x0000027ce00fd800 JavaThread "Sweeper thread" daemon [_thread_blocked, id=2812, stack(0x0000009046f00000,0x0000009047000000)]
  0x0000027ce0bdd000 JavaThread "Common-Cleaner" daemon [_thread_blocked, id=2588, stack(0x0000009047100000,0x0000009047200000)]
  0x0000027ce137b800 JavaThread "EMF Reference Cleaner" daemon [_thread_blocked, id=17164, stack(0x0000009047700000,0x0000009047800000)]
  0x0000027ce1114000 JavaThread "C2 CompilerThread1" daemon [_thread_in_native, id=22784, stack(0x0000009047200000,0x0000009047300000)]
  0x0000027ce1892800 JavaThread "com.google.inject.internal.util.$Finalizer" daemon [_thread_blocked, id=19340, stack(0x0000009047800000,0x0000009047900000)]

Other Threads:
  0x0000027ce00ae800 VMThread "VM Thread" [stack: 0x0000009046700000,0x0000009046800000] [id=10348]
  0x0000027ce0bd7800 WatcherThread [stack: 0x0000009047000000,0x0000009047100000] [id=5112]
  0x0000027cc29f0000 GCTaskThread "GC Thread#0" [stack: 0x0000009046200000,0x0000009046300000] [id=10192]
  0x0000027ce0eff000 GCTaskThread "GC Thread#1" [stack: 0x0000009047300000,0x0000009047400000] [id=17348]
  0x0000027ce0eff800 GCTaskThread "GC Thread#2" [stack: 0x0000009047400000,0x0000009047500000] [id=13996]
  0x0000027cc2a27800 ConcurrentGCThread "G1 Main Marker" [stack: 0x0000009046300000,0x0000009046400000] [id=21192]
  0x0000027cc2a28800 ConcurrentGCThread "G1 Conc#0" [stack: 0x0000009046400000,0x0000009046500000] [id=5732]
  0x0000027cdff20800 ConcurrentGCThread "G1 Refine#0" [stack: 0x0000009046500000,0x0000009046600000] [id=2808]
  0x0000027ce0d15000 ConcurrentGCThread "G1 Refine#1" [stack: 0x0000009047500000,0x0000009047600000] [id=8032]
  0x0000027ce1090000 ConcurrentGCThread "G1 Refine#2" [stack: 0x0000009047600000,0x0000009047700000] [id=9416]
  0x0000027cdff21800 ConcurrentGCThread "G1 Young RemSet Sampling" [stack: 0x0000009046600000,0x0000009046700000] [id=15196]

Threads with active compile tasks:
C2 CompilerThread0     2351 2425       4       org.eclipse.emf.ecore.impl.EClassImpl::getEAllStructuralFeatures (220 bytes)
C2 CompilerThread1     2351 2105       4       org.eclipse.emf.common.util.URI$URIPool$StringAccessUnit::parseIntoURI (965 bytes)

VM state:not at safepoint (normal execution)

VM Mutex/Monitor currently owned by a thread: None

Heap address: 0x0000000081a00000, size: 2022 MB, Compressed Oops mode: 32-bit
Narrow klass base: 0x0000000000000000, Narrow klass shift: 3
Compressed class space size: 1073741824 Address: 0x0000000100000000

Heap:
 garbage-first heap   total 157696K, used 21888K [0x0000000081a00000, 0x0000000100000000)
  region size 1024K, 9 young (9216K), 1 survivors (1024K)
 Metaspace       used 22302K, capacity 22561K, committed 22784K, reserved 1069056K
  class space    used 2707K, capacity 2769K, committed 2816K, reserved 1048576K
Heap Regions: E=young(eden), S=young(survivor), O=old, HS=humongous(starts), HC=humongous(continues), CS=collection set, F=free, A=archive, TAMS=top-at-mark-start (previous, next)
|   0|0x0000000081a00000, 0x0000000081b00000, 0x0000000081b00000|100%| O|  |TAMS 0x0000000081b00000, 0x0000000081a00000| Untracked 
|   1|0x0000000081b00000, 0x0000000081c00000, 0x0000000081c00000|100%| O|  |TAMS 0x0000000081c00000, 0x0000000081b00000| Untracked 
|   2|0x0000000081c00000, 0x0000000081d00000, 0x0000000081d00000|100%| O|  |TAMS 0x0000000081d00000, 0x0000000081c00000| Untracked 
|   3|0x0000000081d00000, 0x0000000081e00000, 0x0000000081e00000|100%| O|  |TAMS 0x0000000081e00000, 0x0000000081d00000| Untracked 
|   4|0x0000000081e00000, 0x0000000081f00000, 0x0000000081f00000|100%| O|  |TAMS 0x0000000081f00000, 0x0000000081e00000| Untracked 
|   5|0x0000000081f00000, 0x0000000082000000, 0x0000000082000000|100%| O|  |TAMS 0x0000000082000000, 0x0000000081f00000| Untracked 
|   6|0x0000000082000000, 0x0000000082100000, 0x0000000082100000|100%| O|  |TAMS 0x0000000082100000, 0x0000000082000000| Untracked 
|   7|0x0000000082100000, 0x0000000082200000, 0x0000000082200000|100%| O|  |TAMS 0x0000000082200000, 0x0000000082100000| Untracked 
|   8|0x0000000082200000, 0x0000000082300000, 0x0000000082300000|100%| O|  |TAMS 0x0000000082300000, 0x0000000082200000| Untracked 
|   9|0x0000000082300000, 0x0000000082400000, 0x0000000082400000|100%| O|  |TAMS 0x0000000082400000, 0x0000000082300000| Untracked 
|  10|0x0000000082400000, 0x0000000082500000, 0x0000000082500000|100%| O|  |TAMS 0x0000000082500000, 0x0000000082400000| Untracked 
|  11|0x0000000082500000, 0x0000000082600000, 0x0000000082600000|100%| O|  |TAMS 0x0000000082600000, 0x0000000082500000| Untracked 
|  12|0x0000000082600000, 0x0000000082700000, 0x0000000082700000|100%| O|  |TAMS 0x0000000082700000, 0x0000000082600000| Untracked 
|  13|0x0000000082700000, 0x0000000082760000, 0x0000000082800000| 37%| O|  |TAMS 0x0000000082760000, 0x0000000082700000| Untracked 
|  14|0x0000000082800000, 0x0000000082800000, 0x0000000082900000|  0%| F|  |TAMS 0x0000000082800000, 0x0000000082800000| Untracked 
|  15|0x0000000082900000, 0x0000000082900000, 0x0000000082a00000|  0%| F|  |TAMS 0x0000000082900000, 0x0000000082900000| Untracked 
|  16|0x0000000082a00000, 0x0000000082a00000, 0x0000000082b00000|  0%| F|  |TAMS 0x0000000082a00000, 0x0000000082a00000| Untracked 
|  17|0x0000000082b00000, 0x0000000082b00000, 0x0000000082c00000|  0%| F|  |TAMS 0x0000000082b00000, 0x0000000082b00000| Untracked 
|  18|0x0000000082c00000, 0x0000000082c00000, 0x0000000082d00000|  0%| F|  |TAMS 0x0000000082c00000, 0x0000000082c00000| Untracked 
|  19|0x0000000082d00000, 0x0000000082d00000, 0x0000000082e00000|  0%| F|  |TAMS 0x0000000082d00000, 0x0000000082d00000| Untracked 
|  20|0x0000000082e00000, 0x0000000082e00000, 0x0000000082f00000|  0%| F|  |TAMS 0x0000000082e00000, 0x0000000082e00000| Untracked 
|  21|0x0000000082f00000, 0x0000000082f00000, 0x0000000083000000|  0%| F|  |TAMS 0x0000000082f00000, 0x0000000082f00000| Untracked 
|  22|0x0000000083000000, 0x0000000083000000, 0x0000000083100000|  0%| F|  |TAMS 0x0000000083000000, 0x0000000083000000| Untracked 
|  23|0x0000000083100000, 0x0000000083100000, 0x0000000083200000|  0%| F|  |TAMS 0x0000000083100000, 0x0000000083100000| Untracked 
|  24|0x0000000083200000, 0x0000000083200000, 0x0000000083300000|  0%| F|  |TAMS 0x0000000083200000, 0x0000000083200000| Untracked 
|  25|0x0000000083300000, 0x0000000083300000, 0x0000000083400000|  0%| F|  |TAMS 0x0000000083300000, 0x0000000083300000| Untracked 
|  26|0x0000000083400000, 0x0000000083400000, 0x0000000083500000|  0%| F|  |TAMS 0x0000000083400000, 0x0000000083400000| Untracked 
|  27|0x0000000083500000, 0x0000000083500000, 0x0000000083600000|  0%| F|  |TAMS 0x0000000083500000, 0x0000000083500000| Untracked 
|  28|0x0000000083600000, 0x0000000083600000, 0x0000000083700000|  0%| F|  |TAMS 0x0000000083600000, 0x0000000083600000| Untracked 
|  29|0x0000000083700000, 0x0000000083700000, 0x0000000083800000|  0%| F|  |TAMS 0x0000000083700000, 0x0000000083700000| Untracked 
|  30|0x0000000083800000, 0x0000000083800000, 0x0000000083900000|  0%| F|  |TAMS 0x0000000083800000, 0x0000000083800000| Untracked 
|  31|0x0000000083900000, 0x0000000083900000, 0x0000000083a00000|  0%| F|  |TAMS 0x0000000083900000, 0x0000000083900000| Untracked 
|  32|0x0000000083a00000, 0x0000000083a00000, 0x0000000083b00000|  0%| F|  |TAMS 0x0000000083a00000, 0x0000000083a00000| Untracked 
|  33|0x0000000083b00000, 0x0000000083b00000, 0x0000000083c00000|  0%| F|  |TAMS 0x0000000083b00000, 0x0000000083b00000| Untracked 
|  34|0x0000000083c00000, 0x0000000083c00000, 0x0000000083d00000|  0%| F|  |TAMS 0x0000000083c00000, 0x0000000083c00000| Untracked 
|  35|0x0000000083d00000, 0x0000000083d00000, 0x0000000083e00000|  0%| F|  |TAMS 0x0000000083d00000, 0x0000000083d00000| Untracked 
|  36|0x0000000083e00000, 0x0000000083e00000, 0x0000000083f00000|  0%| F|  |TAMS 0x0000000083e00000, 0x0000000083e00000| Untracked 
|  37|0x0000000083f00000, 0x0000000083f00000, 0x0000000084000000|  0%| F|  |TAMS 0x0000000083f00000, 0x0000000083f00000| Untracked 
|  38|0x0000000084000000, 0x0000000084000000, 0x0000000084100000|  0%| F|  |TAMS 0x0000000084000000, 0x0000000084000000| Untracked 
|  39|0x0000000084100000, 0x0000000084100000, 0x0000000084200000|  0%| F|  |TAMS 0x0000000084100000, 0x0000000084100000| Untracked 
|  40|0x0000000084200000, 0x0000000084200000, 0x0000000084300000|  0%| F|  |TAMS 0x0000000084200000, 0x0000000084200000| Untracked 
|  41|0x0000000084300000, 0x0000000084300000, 0x0000000084400000|  0%| F|  |TAMS 0x0000000084300000, 0x0000000084300000| Untracked 
|  42|0x0000000084400000, 0x0000000084400000, 0x0000000084500000|  0%| F|  |TAMS 0x0000000084400000, 0x0000000084400000| Untracked 
|  43|0x0000000084500000, 0x0000000084500000, 0x0000000084600000|  0%| F|  |TAMS 0x0000000084500000, 0x0000000084500000| Untracked 
|  44|0x0000000084600000, 0x0000000084600000, 0x0000000084700000|  0%| F|  |TAMS 0x0000000084600000, 0x0000000084600000| Untracked 
|  45|0x0000000084700000, 0x0000000084700000, 0x0000000084800000|  0%| F|  |TAMS 0x0000000084700000, 0x0000000084700000| Untracked 
|  46|0x0000000084800000, 0x0000000084800000, 0x0000000084900000|  0%| F|  |TAMS 0x0000000084800000, 0x0000000084800000| Untracked 
|  47|0x0000000084900000, 0x0000000084900000, 0x0000000084a00000|  0%| F|  |TAMS 0x0000000084900000, 0x0000000084900000| Untracked 
|  48|0x0000000084a00000, 0x0000000084a00000, 0x0000000084b00000|  0%| F|  |TAMS 0x0000000084a00000, 0x0000000084a00000| Untracked 
|  49|0x0000000084b00000, 0x0000000084b00000, 0x0000000084c00000|  0%| F|  |TAMS 0x0000000084b00000, 0x0000000084b00000| Untracked 
|  50|0x0000000084c00000, 0x0000000084c00000, 0x0000000084d00000|  0%| F|  |TAMS 0x0000000084c00000, 0x0000000084c00000| Untracked 
|  51|0x0000000084d00000, 0x0000000084d00000, 0x0000000084e00000|  0%| F|  |TAMS 0x0000000084d00000, 0x0000000084d00000| Untracked 
|  52|0x0000000084e00000, 0x0000000084e00000, 0x0000000084f00000|  0%| F|  |TAMS 0x0000000084e00000, 0x0000000084e00000| Untracked 
|  53|0x0000000084f00000, 0x0000000084f00000, 0x0000000085000000|  0%| F|  |TAMS 0x0000000084f00000, 0x0000000084f00000| Untracked 
|  54|0x0000000085000000, 0x0000000085000000, 0x0000000085100000|  0%| F|  |TAMS 0x0000000085000000, 0x0000000085000000| Untracked 
|  55|0x0000000085100000, 0x0000000085100000, 0x0000000085200000|  0%| F|  |TAMS 0x0000000085100000, 0x0000000085100000| Untracked 
|  56|0x0000000085200000, 0x0000000085200000, 0x0000000085300000|  0%| F|  |TAMS 0x0000000085200000, 0x0000000085200000| Untracked 
|  57|0x0000000085300000, 0x0000000085300000, 0x0000000085400000|  0%| F|  |TAMS 0x0000000085300000, 0x0000000085300000| Untracked 
|  58|0x0000000085400000, 0x0000000085400000, 0x0000000085500000|  0%| F|  |TAMS 0x0000000085400000, 0x0000000085400000| Untracked 
|  59|0x0000000085500000, 0x0000000085500000, 0x0000000085600000|  0%| F|  |TAMS 0x0000000085500000, 0x0000000085500000| Untracked 
|  60|0x0000000085600000, 0x0000000085600000, 0x0000000085700000|  0%| F|  |TAMS 0x0000000085600000, 0x0000000085600000| Untracked 
|  61|0x0000000085700000, 0x0000000085700000, 0x0000000085800000|  0%| F|  |TAMS 0x0000000085700000, 0x0000000085700000| Untracked 
|  62|0x0000000085800000, 0x0000000085800000, 0x0000000085900000|  0%| F|  |TAMS 0x0000000085800000, 0x0000000085800000| Untracked 
|  63|0x0000000085900000, 0x0000000085900000, 0x0000000085a00000|  0%| F|  |TAMS 0x0000000085900000, 0x0000000085900000| Untracked 
|  64|0x0000000085a00000, 0x0000000085a00000, 0x0000000085b00000|  0%| F|  |TAMS 0x0000000085a00000, 0x0000000085a00000| Untracked 
|  65|0x0000000085b00000, 0x0000000085b00000, 0x0000000085c00000|  0%| F|  |TAMS 0x0000000085b00000, 0x0000000085b00000| Untracked 
|  66|0x0000000085c00000, 0x0000000085c00000, 0x0000000085d00000|  0%| F|  |TAMS 0x0000000085c00000, 0x0000000085c00000| Untracked 
|  67|0x0000000085d00000, 0x0000000085d00000, 0x0000000085e00000|  0%| F|  |TAMS 0x0000000085d00000, 0x0000000085d00000| Untracked 
|  68|0x0000000085e00000, 0x0000000085e00000, 0x0000000085f00000|  0%| F|  |TAMS 0x0000000085e00000, 0x0000000085e00000| Untracked 
|  69|0x0000000085f00000, 0x0000000085f00000, 0x0000000086000000|  0%| F|  |TAMS 0x0000000085f00000, 0x0000000085f00000| Untracked 
|  70|0x0000000086000000, 0x0000000086000000, 0x0000000086100000|  0%| F|  |TAMS 0x0000000086000000, 0x0000000086000000| Untracked 
|  71|0x0000000086100000, 0x0000000086100000, 0x0000000086200000|  0%| F|  |TAMS 0x0000000086100000, 0x0000000086100000| Untracked 
|  72|0x0000000086200000, 0x0000000086200000, 0x0000000086300000|  0%| F|  |TAMS 0x0000000086200000, 0x0000000086200000| Untracked 
|  73|0x0000000086300000, 0x0000000086300000, 0x0000000086400000|  0%| F|  |TAMS 0x0000000086300000, 0x0000000086300000| Untracked 
|  74|0x0000000086400000, 0x0000000086400000, 0x0000000086500000|  0%| F|  |TAMS 0x0000000086400000, 0x0000000086400000| Untracked 
|  75|0x0000000086500000, 0x0000000086500000, 0x0000000086600000|  0%| F|  |TAMS 0x0000000086500000, 0x0000000086500000| Untracked 
|  76|0x0000000086600000, 0x0000000086600000, 0x0000000086700000|  0%| F|  |TAMS 0x0000000086600000, 0x0000000086600000| Untracked 
|  77|0x0000000086700000, 0x0000000086700000, 0x0000000086800000|  0%| F|  |TAMS 0x0000000086700000, 0x0000000086700000| Untracked 
|  78|0x0000000086800000, 0x0000000086800000, 0x0000000086900000|  0%| F|  |TAMS 0x0000000086800000, 0x0000000086800000| Untracked 
|  79|0x0000000086900000, 0x0000000086900000, 0x0000000086a00000|  0%| F|  |TAMS 0x0000000086900000, 0x0000000086900000| Untracked 
|  80|0x0000000086a00000, 0x0000000086a00000, 0x0000000086b00000|  0%| F|  |TAMS 0x0000000086a00000, 0x0000000086a00000| Untracked 
|  81|0x0000000086b00000, 0x0000000086b00000, 0x0000000086c00000|  0%| F|  |TAMS 0x0000000086b00000, 0x0000000086b00000| Untracked 
|  82|0x0000000086c00000, 0x0000000086c00000, 0x0000000086d00000|  0%| F|  |TAMS 0x0000000086c00000, 0x0000000086c00000| Untracked 
|  83|0x0000000086d00000, 0x0000000086d00000, 0x0000000086e00000|  0%| F|  |TAMS 0x0000000086d00000, 0x0000000086d00000| Untracked 
|  84|0x0000000086e00000, 0x0000000086e00000, 0x0000000086f00000|  0%| F|  |TAMS 0x0000000086e00000, 0x0000000086e00000| Untracked 
|  85|0x0000000086f00000, 0x0000000086f00000, 0x0000000087000000|  0%| F|  |TAMS 0x0000000086f00000, 0x0000000086f00000| Untracked 
|  86|0x0000000087000000, 0x0000000087000000, 0x0000000087100000|  0%| F|  |TAMS 0x0000000087000000, 0x0000000087000000| Untracked 
|  87|0x0000000087100000, 0x0000000087100000, 0x0000000087200000|  0%| F|  |TAMS 0x0000000087100000, 0x0000000087100000| Untracked 
|  88|0x0000000087200000, 0x0000000087200000, 0x0000000087300000|  0%| F|  |TAMS 0x0000000087200000, 0x0000000087200000| Untracked 
|  89|0x0000000087300000, 0x0000000087300000, 0x0000000087400000|  0%| F|  |TAMS 0x0000000087300000, 0x0000000087300000| Untracked 
|  90|0x0000000087400000, 0x0000000087400000, 0x0000000087500000|  0%| F|  |TAMS 0x0000000087400000, 0x0000000087400000| Untracked 
|  91|0x0000000087500000, 0x0000000087500000, 0x0000000087600000|  0%| F|  |TAMS 0x0000000087500000, 0x0000000087500000| Untracked 
|  92|0x0000000087600000, 0x0000000087600000, 0x0000000087700000|  0%| F|  |TAMS 0x0000000087600000, 0x0000000087600000| Untracked 
|  93|0x0000000087700000, 0x0000000087700000, 0x0000000087800000|  0%| F|  |TAMS 0x0000000087700000, 0x0000000087700000| Untracked 
|  94|0x0000000087800000, 0x0000000087800000, 0x0000000087900000|  0%| F|  |TAMS 0x0000000087800000, 0x0000000087800000| Untracked 
|  95|0x0000000087900000, 0x0000000087900000, 0x0000000087a00000|  0%| F|  |TAMS 0x0000000087900000, 0x0000000087900000| Untracked 
|  96|0x0000000087a00000, 0x0000000087a00000, 0x0000000087b00000|  0%| F|  |TAMS 0x0000000087a00000, 0x0000000087a00000| Untracked 
|  97|0x0000000087b00000, 0x0000000087b00000, 0x0000000087c00000|  0%| F|  |TAMS 0x0000000087b00000, 0x0000000087b00000| Untracked 
|  98|0x0000000087c00000, 0x0000000087c00000, 0x0000000087d00000|  0%| F|  |TAMS 0x0000000087c00000, 0x0000000087c00000| Untracked 
|  99|0x0000000087d00000, 0x0000000087d00000, 0x0000000087e00000|  0%| F|  |TAMS 0x0000000087d00000, 0x0000000087d00000| Untracked 
| 100|0x0000000087e00000, 0x0000000087e00000, 0x0000000087f00000|  0%| F|  |TAMS 0x0000000087e00000, 0x0000000087e00000| Untracked 
| 101|0x0000000087f00000, 0x0000000087f00000, 0x0000000088000000|  0%| F|  |TAMS 0x0000000087f00000, 0x0000000087f00000| Untracked 
| 102|0x0000000088000000, 0x0000000088000000, 0x0000000088100000|  0%| F|  |TAMS 0x0000000088000000, 0x0000000088000000| Untracked 
| 103|0x0000000088100000, 0x0000000088100000, 0x0000000088200000|  0%| F|  |TAMS 0x0000000088100000, 0x0000000088100000| Untracked 
| 104|0x0000000088200000, 0x0000000088200000, 0x0000000088300000|  0%| F|  |TAMS 0x0000000088200000, 0x0000000088200000| Untracked 
| 105|0x0000000088300000, 0x0000000088300000, 0x0000000088400000|  0%| F|  |TAMS 0x0000000088300000, 0x0000000088300000| Untracked 
| 106|0x0000000088400000, 0x0000000088400000, 0x0000000088500000|  0%| F|  |TAMS 0x0000000088400000, 0x0000000088400000| Untracked 
| 107|0x0000000088500000, 0x0000000088500000, 0x0000000088600000|  0%| F|  |TAMS 0x0000000088500000, 0x0000000088500000| Untracked 
| 108|0x0000000088600000, 0x0000000088600000, 0x0000000088700000|  0%| F|  |TAMS 0x0000000088600000, 0x0000000088600000| Untracked 
| 109|0x0000000088700000, 0x0000000088700000, 0x0000000088800000|  0%| F|  |TAMS 0x0000000088700000, 0x0000000088700000| Untracked 
| 110|0x0000000088800000, 0x0000000088800000, 0x0000000088900000|  0%| F|  |TAMS 0x0000000088800000, 0x0000000088800000| Untracked 
| 111|0x0000000088900000, 0x0000000088900000, 0x0000000088a00000|  0%| F|  |TAMS 0x0000000088900000, 0x0000000088900000| Untracked 
| 112|0x0000000088a00000, 0x0000000088a00000, 0x0000000088b00000|  0%| F|  |TAMS 0x0000000088a00000, 0x0000000088a00000| Untracked 
| 113|0x0000000088b00000, 0x0000000088b00000, 0x0000000088c00000|  0%| F|  |TAMS 0x0000000088b00000, 0x0000000088b00000| Untracked 
| 114|0x0000000088c00000, 0x0000000088c00000, 0x0000000088d00000|  0%| F|  |TAMS 0x0000000088c00000, 0x0000000088c00000| Untracked 
| 115|0x0000000088d00000, 0x0000000088d00000, 0x0000000088e00000|  0%| F|  |TAMS 0x0000000088d00000, 0x0000000088d00000| Untracked 
| 116|0x0000000088e00000, 0x0000000088e00000, 0x0000000088f00000|  0%| F|  |TAMS 0x0000000088e00000, 0x0000000088e00000| Untracked 
| 117|0x0000000088f00000, 0x0000000088f00000, 0x0000000089000000|  0%| F|  |TAMS 0x0000000088f00000, 0x0000000088f00000| Untracked 
| 118|0x0000000089000000, 0x0000000089100000, 0x0000000089100000|100%| S|CS|TAMS 0x0000000089000000, 0x0000000089000000| Complete 
| 119|0x0000000089100000, 0x0000000089100000, 0x0000000089200000|  0%| F|  |TAMS 0x0000000089100000, 0x0000000089100000| Untracked 
| 120|0x0000000089200000, 0x0000000089200000, 0x0000000089300000|  0%| F|  |TAMS 0x0000000089200000, 0x0000000089200000| Untracked 
| 121|0x0000000089300000, 0x0000000089300000, 0x0000000089400000|  0%| F|  |TAMS 0x0000000089300000, 0x0000000089300000| Untracked 
| 122|0x0000000089400000, 0x0000000089400000, 0x0000000089500000|  0%| F|  |TAMS 0x0000000089400000, 0x0000000089400000| Untracked 
| 123|0x0000000089500000, 0x0000000089500000, 0x0000000089600000|  0%| F|  |TAMS 0x0000000089500000, 0x0000000089500000| Untracked 
| 124|0x0000000089600000, 0x0000000089600000, 0x0000000089700000|  0%| F|  |TAMS 0x0000000089600000, 0x0000000089600000| Untracked 
| 125|0x0000000089700000, 0x0000000089700000, 0x0000000089800000|  0%| F|  |TAMS 0x0000000089700000, 0x0000000089700000| Untracked 
| 126|0x0000000089800000, 0x0000000089800000, 0x0000000089900000|  0%| F|  |TAMS 0x0000000089800000, 0x0000000089800000| Untracked 
| 127|0x0000000089900000, 0x0000000089900000, 0x0000000089a00000|  0%| F|  |TAMS 0x0000000089900000, 0x0000000089900000| Untracked 
| 128|0x0000000089a00000, 0x0000000089a00000, 0x0000000089b00000|  0%| F|  |TAMS 0x0000000089a00000, 0x0000000089a00000| Untracked 
| 129|0x0000000089b00000, 0x0000000089b00000, 0x0000000089c00000|  0%| F|  |TAMS 0x0000000089b00000, 0x0000000089b00000| Untracked 
| 130|0x0000000089c00000, 0x0000000089c00000, 0x0000000089d00000|  0%| F|  |TAMS 0x0000000089c00000, 0x0000000089c00000| Untracked 
| 131|0x0000000089d00000, 0x0000000089d00000, 0x0000000089e00000|  0%| F|  |TAMS 0x0000000089d00000, 0x0000000089d00000| Untracked 
| 132|0x0000000089e00000, 0x0000000089e00000, 0x0000000089f00000|  0%| F|  |TAMS 0x0000000089e00000, 0x0000000089e00000| Untracked 
| 133|0x0000000089f00000, 0x0000000089f00000, 0x000000008a000000|  0%| F|  |TAMS 0x0000000089f00000, 0x0000000089f00000| Untracked 
| 134|0x000000008a000000, 0x000000008a000000, 0x000000008a100000|  0%| F|  |TAMS 0x000000008a000000, 0x000000008a000000| Untracked 
| 135|0x000000008a100000, 0x000000008a100000, 0x000000008a200000|  0%| F|  |TAMS 0x000000008a100000, 0x000000008a100000| Untracked 
| 136|0x000000008a200000, 0x000000008a200000, 0x000000008a300000|  0%| F|  |TAMS 0x000000008a200000, 0x000000008a200000| Untracked 
| 137|0x000000008a300000, 0x000000008a300000, 0x000000008a400000|  0%| F|  |TAMS 0x000000008a300000, 0x000000008a300000| Untracked 
| 138|0x000000008a400000, 0x000000008a400000, 0x000000008a500000|  0%| F|  |TAMS 0x000000008a400000, 0x000000008a400000| Untracked 
| 139|0x000000008a500000, 0x000000008a500000, 0x000000008a600000|  0%| F|  |TAMS 0x000000008a500000, 0x000000008a500000| Untracked 
| 140|0x000000008a600000, 0x000000008a600000, 0x000000008a700000|  0%| F|  |TAMS 0x000000008a600000, 0x000000008a600000| Untracked 
| 141|0x000000008a700000, 0x000000008a700000, 0x000000008a800000|  0%| F|  |TAMS 0x000000008a700000, 0x000000008a700000| Untracked 
| 142|0x000000008a800000, 0x000000008a800000, 0x000000008a900000|  0%| F|  |TAMS 0x000000008a800000, 0x000000008a800000| Untracked 
| 143|0x000000008a900000, 0x000000008a900000, 0x000000008aa00000|  0%| F|  |TAMS 0x000000008a900000, 0x000000008a900000| Untracked 
| 144|0x000000008aa00000, 0x000000008aa00000, 0x000000008ab00000|  0%| F|  |TAMS 0x000000008aa00000, 0x000000008aa00000| Untracked 
| 145|0x000000008ab00000, 0x000000008ab80f20, 0x000000008ac00000| 50%| E|  |TAMS 0x000000008ab00000, 0x000000008ab00000| Complete 
| 146|0x000000008ac00000, 0x000000008ad00000, 0x000000008ad00000|100%| E|CS|TAMS 0x000000008ac00000, 0x000000008ac00000| Complete 
| 147|0x000000008ad00000, 0x000000008ae00000, 0x000000008ae00000|100%| E|CS|TAMS 0x000000008ad00000, 0x000000008ad00000| Complete 
| 148|0x000000008ae00000, 0x000000008af00000, 0x000000008af00000|100%| E|CS|TAMS 0x000000008ae00000, 0x000000008ae00000| Complete 
| 149|0x000000008af00000, 0x000000008b000000, 0x000000008b000000|100%| E|CS|TAMS 0x000000008af00000, 0x000000008af00000| Complete 
| 150|0x000000008b000000, 0x000000008b100000, 0x000000008b100000|100%| E|CS|TAMS 0x000000008b000000, 0x000000008b000000| Complete 
| 151|0x000000008b100000, 0x000000008b200000, 0x000000008b200000|100%| E|CS|TAMS 0x000000008b100000, 0x000000008b100000| Complete 
| 152|0x000000008b200000, 0x000000008b300000, 0x000000008b300000|100%| E|CS|TAMS 0x000000008b200000, 0x000000008b200000| Complete 
| 153|0x000000008b300000, 0x000000008b400000, 0x000000008b400000|100%| E|CS|TAMS 0x000000008b300000, 0x000000008b300000| Complete 

Card table byte_map: [0x0000027cd9490000,0x0000027cd9890000] _byte_map_base: 0x0000027cd9083000

Marking Bits (Prev, Next): (CMBitMap*) 0x0000027cc2a1ea90, (CMBitMap*) 0x0000027cc2a1ea58
 Prev Bits: [0x0000027cdbc30000, 0x0000027cddbc8000)
 Next Bits: [0x0000027cd9c90000, 0x0000027cdbc28000)

Polling page: 0x0000027cc0940000

Metaspace:

Usage:
  Non-class:     19.33 MB capacity,    19.14 MB (>99%) used,   162.09 KB ( <1%) free+waste,    26.50 KB ( <1%) overhead. 
      Class:      2.70 MB capacity,     2.64 MB ( 98%) used,    50.12 KB (  2%) free+waste,    11.00 KB ( <1%) overhead. 
       Both:     22.03 MB capacity,    21.79 MB ( 99%) used,   212.21 KB ( <1%) free+waste,    37.50 KB ( <1%) overhead. 

Virtual space:
  Non-class space:       20.00 MB reserved,      19.50 MB ( 98%) committed 
      Class space:        1.00 GB reserved,       2.75 MB ( <1%) committed 
             Both:        1.02 GB reserved,      22.25 MB (  2%) committed 

Chunk freelists:
   Non-Class:  6.00 KB
       Class:  1.88 KB
        Both:  7.88 KB

CodeHeap 'non-profiled nmethods': size=120064Kb used=975Kb max_used=975Kb free=119088Kb
 bounds [0x0000027cd1b50000, 0x0000027cd1dc0000, 0x0000027cd9090000]
CodeHeap 'profiled nmethods': size=120000Kb used=5132Kb max_used=5132Kb free=114867Kb
 bounds [0x0000027cca620000, 0x0000027ccab30000, 0x0000027cd1b50000]
CodeHeap 'non-nmethods': size=5696Kb used=1140Kb max_used=1161Kb free=4555Kb
 bounds [0x0000027cca090000, 0x0000027cca300000, 0x0000027cca620000]
 total_blobs=3031 nmethods=2564 adapters=377
 compilation: enabled
              stopped_count=0, restarted_count=0
 full_count=0

Compilation events (10 events):
Event: 2.263 Thread 0x0000027ce00f8000 nmethod 2518 0x0000027cd1c42b90 code [0x0000027cd1c42d20, 0x0000027cd1c42dd8]
Event: 2.263 Thread 0x0000027ce00f8000 2519       3       org.eclipse.emf.common.notify.impl.BasicNotifierImpl$EAdapterList::data (74 bytes)
Event: 2.264 Thread 0x0000027ce00f8000 nmethod 2519 0x0000027ccaafa090 code [0x0000027ccaafa260, 0x0000027ccaafa748]
Event: 2.265 Thread 0x0000027ce00f8000 2520       3       org.eclipse.emf.common.notify.impl.BasicNotifierImpl$EAdapterList::getAdapterForType (55 bytes)
Event: 2.265 Thread 0x0000027ce00f8000 nmethod 2520 0x0000027ccaafa890 code [0x0000027ccaafaa60, 0x0000027ccaafaef8]
Event: 2.265 Thread 0x0000027ce00f8000 2521       3       org.eclipse.xtext.util.OnChangeEvictingCache::get (75 bytes)
Event: 2.266 Thread 0x0000027ce00f8000 nmethod 2521 0x0000027ccaafb090 code [0x0000027ccaafb2c0, 0x0000027ccaafbb08]
Event: 2.266 Thread 0x0000027ce00f8000 2526       3       sun.net.www.ParseUtil::firstEncodeIndex (86 bytes)
Event: 2.267 Thread 0x0000027ce00f8000 nmethod 2526 0x0000027ccaafbe90 code [0x0000027ccaafc0c0, 0x0000027ccaafca68]
Event: 2.267 Thread 0x0000027ce00f8000 2527       3       org.eclipse.emf.common.util.URI$Hierarchical::<init> (501 bytes)

GC Heap History (10 events):
Event: 0.468 GC heap before
{Heap before GC invocations=0 (full 0):
 garbage-first heap   total 131072K, used 13312K [0x0000000081a00000, 0x0000000100000000)
  region size 1024K, 14 young (14336K), 0 survivors (0K)
 Metaspace       used 9316K, capacity 9458K, committed 9600K, reserved 1058816K
  class space    used 829K, capacity 869K, committed 896K, reserved 1048576K
}
Event: 0.473 GC heap after
{Heap after GC invocations=1 (full 0):
 garbage-first heap   total 131072K, used 4829K [0x0000000081a00000, 0x0000000100000000)
  region size 1024K, 2 young (2048K), 2 survivors (2048K)
 Metaspace       used 9316K, capacity 9458K, committed 9600K, reserved 1058816K
  class space    used 829K, capacity 869K, committed 896K, reserved 1048576K
}
Event: 0.676 GC heap before
{Heap before GC invocations=1 (full 0):
 garbage-first heap   total 131072K, used 16093K [0x0000000081a00000, 0x0000000100000000)
  region size 1024K, 14 young (14336K), 2 survivors (2048K)
 Metaspace       used 10463K, capacity 10645K, committed 10880K, reserved 1058816K
  class space    used 974K, capacity 1032K, committed 1152K, reserved 1048576K
}
Event: 0.680 GC heap after
{Heap after GC invocations=2 (full 0):
 garbage-first heap   total 131072K, used 6217K [0x0000000081a00000, 0x0000000100000000)
  region size 1024K, 2 young (2048K), 2 survivors (2048K)
 Metaspace       used 10463K, capacity 10645K, committed 10880K, reserved 1058816K
  class space    used 974K, capacity 1032K, committed 1152K, reserved 1048576K
}
Event: 1.109 GC heap before
{Heap before GC invocations=2 (full 0):
 garbage-first heap   total 131072K, used 28745K [0x0000000081a00000, 0x0000000100000000)
  region size 1024K, 25 young (25600K), 2 survivors (2048K)
 Metaspace       used 14732K, capacity 14911K, committed 14976K, reserved 1062912K
  class space    used 1563K, capacity 1622K, committed 1664K, reserved 1048576K
}
Event: 1.114 GC heap after
{Heap after GC invocations=3 (full 0):
 garbage-first heap   total 131072K, used 8518K [0x0000000081a00000, 0x0000000100000000)
  region size 1024K, 4 young (4096K), 4 survivors (4096K)
 Metaspace       used 14732K, capacity 14911K, committed 14976K, reserved 1062912K
  class space    used 1563K, capacity 1622K, committed 1664K, reserved 1048576K
}
Event: 1.840 GC heap before
{Heap before GC invocations=3 (full 0):
 garbage-first heap   total 131072K, used 42310K [0x0000000081a00000, 0x0000000100000000)
  region size 1024K, 37 young (37888K), 4 survivors (4096K)
 Metaspace       used 19273K, capacity 19509K, committed 19712K, reserved 1067008K
  class space    used 2185K, capacity 2273K, committed 2304K, reserved 1048576K
}
Event: 1.853 GC heap after
{Heap after GC invocations=4 (full 0):
 garbage-first heap   total 131072K, used 13771K [0x0000000081a00000, 0x0000000100000000)
  region size 1024K, 5 young (5120K), 5 survivors (5120K)
 Metaspace       used 19273K, capacity 19509K, committed 19712K, reserved 1067008K
  class space    used 2185K, capacity 2273K, committed 2304K, reserved 1048576K
}
Event: 2.116 GC heap before
{Heap before GC invocations=4 (full 0):
 garbage-first heap   total 131072K, used 21963K [0x0000000081a00000, 0x0000000100000000)
  region size 1024K, 14 young (14336K), 5 survivors (5120K)
 Metaspace       used 21025K, capacity 21189K, committed 21248K, reserved 1069056K
  class space    used 2445K, capacity 2505K, committed 2560K, reserved 1048576K
}
Event: 2.126 GC heap after
{Heap after GC invocations=5 (full 0):
 garbage-first heap   total 157696K, used 14720K [0x0000000081a00000, 0x0000000100000000)
  region size 1024K, 1 young (1024K), 1 survivors (1024K)
 Metaspace       used 21025K, capacity 21189K, committed 21248K, reserved 1069056K
  class space    used 2445K, capacity 2505K, committed 2560K, reserved 1048576K
}

Deoptimization events (10 events):
Event: 2.135 Thread 0x0000027cc29da000 Uncommon trap: reason=unstable_if action=reinterpret pc=0x0000027cd1bba7bc method=java.util.HashMap.computeIfAbsent(Ljava/lang/Object;Ljava/util/function/Function;)Ljava/lang/Object; @ 44 c2
Event: 2.178 Thread 0x0000027cc29da000 Uncommon trap: reason=unstable_if action=reinterpret pc=0x0000027cd1c33d0c method=org.eclipse.emf.ecore.impl.MinimalEObjectImpl.fieldIndex(I)I @ 13 c2
Event: 2.182 Thread 0x0000027cc29da000 Uncommon trap: reason=class_check action=maybe_recompile pc=0x0000027cd1c32150 method=org.eclipse.emf.ecore.util.EContentsEList$FeatureIteratorImpl.hasNext()Z @ 245 c2
Event: 2.193 Thread 0x0000027cc29da000 Uncommon trap: reason=unstable_if action=reinterpret pc=0x0000027cd1c27268 method=org.eclipse.emf.common.util.Pool$AccessUnit$Queue.pop(Z)Lorg/eclipse/emf/common/util/Pool$AccessUnit; @ 10 c2
Event: 2.214 Thread 0x0000027cc29da000 Uncommon trap: reason=class_check action=maybe_recompile pc=0x0000027cd1c32150 method=org.eclipse.emf.ecore.util.EContentsEList$FeatureIteratorImpl.hasNext()Z @ 245 c2
Event: 2.222 Thread 0x0000027cc29da000 Uncommon trap: reason=unstable_if action=reinterpret pc=0x0000027cd1c07ab8 method=java.lang.String.regionMatches(ILjava/lang/String;II)Z @ 32 c2
Event: 2.233 Thread 0x0000027cc29da000 Uncommon trap: reason=unstable_if action=reinterpret pc=0x0000027cd1c2f660 method=org.antlr.runtime.ANTLRStringStream.LA(I)I @ 38 c2
Event: 2.240 Thread 0x0000027cc29da000 Uncommon trap: reason=class_check action=maybe_recompile pc=0x0000027cd1c32150 method=org.eclipse.emf.ecore.util.EContentsEList$FeatureIteratorImpl.hasNext()Z @ 245 c2
Event: 2.246 Thread 0x0000027cc29da000 Uncommon trap: reason=class_check action=maybe_recompile pc=0x0000027cd1c32150 method=org.eclipse.emf.ecore.util.EContentsEList$FeatureIteratorImpl.hasNext()Z @ 245 c2
Event: 2.261 Thread 0x0000027cc29da000 Uncommon trap: reason=unstable_if action=reinterpret pc=0x0000027cd1bb6bfc method=sun.net.www.ParseUtil.firstEncodeIndex(Ljava/lang/String;)I @ 51 c2

Classes redefined (0 events):
No events

Internal exceptions (10 events):
Event: 0.615 Thread 0x0000027cc29da000 Exception <a 'java/lang/ClassNotFoundException'{0x0000000089573170}: org/apache/log4j/PatternLayoutCustomizer> (0x0000000089573170) thrown at [./open/src/hotspot/share/classfile/systemDictionary.cpp, line 226]
Event: 0.618 Thread 0x0000027cc29da000 Implicit null exception at 0x0000027cd1b91ad4 to 0x0000027cd1b91fcc
Event: 0.782 Thread 0x0000027cc29da000 Exception <a 'java/lang/NoClassDefFoundError'{0x0000000089482408}: org/osgi/framework/FrameworkUtil> (0x0000000089482408) thrown at [./open/src/hotspot/share/classfile/systemDictionary.cpp, line 215]
Event: 0.782 Thread 0x0000027cc29da000 Exception <a 'java/lang/NoClassDefFoundError'{0x0000000089484258}: org/eclipse/core/runtime/Platform> (0x0000000089484258) thrown at [./open/src/hotspot/share/classfile/systemDictionary.cpp, line 215]
Event: 1.590 Thread 0x0000027cc29da000 Implicit null exception at 0x0000027cd1be32d5 to 0x0000027cd1be3480
Event: 1.596 Thread 0x0000027cc29da000 Implicit null exception at 0x0000027cd1beda1b to 0x0000027cd1bee0aa
Event: 1.931 Thread 0x0000027cc29da000 Implicit null exception at 0x0000027cd1b92857 to 0x0000027cd1b92d2c
Event: 1.994 Thread 0x0000027cc29da000 Implicit null exception at 0x0000027cd1c127e5 to 0x0000027cd1c12adc
Event: 2.135 Thread 0x0000027cc29da000 Implicit null exception at 0x0000027cd1bb9eac to 0x0000027cd1bba7a4
Event: 2.193 Thread 0x0000027cc29da000 Implicit null exception at 0x0000027cd1c27070 to 0x0000027cd1c2725c

Events (10 events):
Event: 2.246 Thread 0x0000027cc29da000 DEOPT UNPACKING pc=0x0000027cca0b65af sp=0x00000090461fd910 mode 2
Event: 2.246 loading class org/eclipse/xtext/nodemodel/util/NodeTreeIterator
Event: 2.246 loading class org/eclipse/xtext/nodemodel/util/NodeTreeIterator done
Event: 2.247 loading class org/eclipse/xtext/common/types/access/impl/AbstractJvmTypeProvider$ClassNameVariants
Event: 2.247 loading class org/eclipse/xtext/common/types/access/impl/AbstractJvmTypeProvider$ClassNameVariants done
Event: 2.261 Thread 0x0000027cc29da000 Uncommon trap: trap_request=0xffffff4d fr.pc=0x0000027cd1bb6bfc relative=0x000000000000005c
Event: 2.261 Thread 0x0000027cc29da000 DEOPT PACKING pc=0x0000027cd1bb6bfc sp=0x00000090461fdd10
Event: 2.261 Thread 0x0000027cc29da000 DEOPT UNPACKING pc=0x0000027cca0b65af sp=0x00000090461fdc98 mode 2
Event: 2.266 loading class org/eclipse/xtext/common/types/access/impl/URIHelperConstants
Event: 2.266 loading class org/eclipse/xtext/common/types/access/impl/URIHelperConstants done


Dynamic libraries:
0x00007ff6a7760000 - 0x00007ff6a776f000 	C:\Program Files\Java\jdk-11.0.17\bin\javaw.exe
0x00007ffe334b0000 - 0x00007ffe336a8000 	C:\WINDOWS\SYSTEM32\ntdll.dll
0x00007ffe32290000 - 0x00007ffe3234f000 	C:\WINDOWS\System32\KERNEL32.DLL
0x00007ffe30fc0000 - 0x00007ffe31292000 	C:\WINDOWS\System32\KERNELBASE.dll
0x00007ffe30ec0000 - 0x00007ffe30fc0000 	C:\WINDOWS\System32\ucrtbase.dll
0x00007ffe28fb0000 - 0x00007ffe28fc8000 	C:\Program Files\Java\jdk-11.0.17\bin\jli.dll
0x00007ffe29e40000 - 0x00007ffe29e55000 	C:\Program Files\Java\jdk-11.0.17\bin\VCRUNTIME140.dll
0x00007ffe321e0000 - 0x00007ffe3228e000 	C:\WINDOWS\System32\ADVAPI32.dll
0x00007ffe32530000 - 0x00007ffe325ce000 	C:\WINDOWS\System32\msvcrt.dll
0x00007ffe32490000 - 0x00007ffe3252c000 	C:\WINDOWS\System32\sechost.dll
0x00007ffe31c30000 - 0x00007ffe31d55000 	C:\WINDOWS\System32\RPCRT4.dll
0x00007ffe33190000 - 0x00007ffe33331000 	C:\WINDOWS\System32\USER32.dll
0x00007ffe30bf0000 - 0x00007ffe30c12000 	C:\WINDOWS\System32\win32u.dll
0x00007ffe31d60000 - 0x00007ffe31d8b000 	C:\WINDOWS\System32\GDI32.dll
0x00007ffe30c50000 - 0x00007ffe30d5f000 	C:\WINDOWS\System32\gdi32full.dll
0x00007ffe1cd30000 - 0x00007ffe1cfca000 	C:\WINDOWS\WinSxS\amd64_microsoft.windows.common-controls_6595b64144ccf1df_6.0.19041.1110_none_60b5254171f9507e\COMCTL32.dll
0x00007ffe31450000 - 0x00007ffe314ed000 	C:\WINDOWS\System32\msvcp_win.dll
0x00007ffe30650000 - 0x00007ffe3065a000 	C:\WINDOWS\SYSTEM32\VERSION.dll
0x00007ffe32020000 - 0x00007ffe32052000 	C:\WINDOWS\System32\IMM32.DLL
0x000000005b060000 - 0x000000005b06c000 	C:\Program Files (x86)\360\Total Security\safemon\SafeWrapper.dll
0x00007ffe23720000 - 0x00007ffe237b2000 	C:\Program Files (x86)\360\Total Security\safemon\libzdtp64.dll
0x00007ffe32a40000 - 0x00007ffe33184000 	C:\WINDOWS\System32\SHELL32.dll
0x00007ffe32060000 - 0x00007ffe320b5000 	C:\WINDOWS\System32\SHLWAPI.dll
0x00007ffe18fc0000 - 0x00007ffe1905b000 	C:\Program Files\Java\jdk-11.0.17\bin\msvcp140.dll
0x00007ffde8020000 - 0x00007ffde8b3a000 	C:\Program Files\Java\jdk-11.0.17\bin\server\jvm.dll
0x00007ffe31e80000 - 0x00007ffe31e88000 	C:\WINDOWS\System32\PSAPI.DLL
0x00007ffe1f290000 - 0x00007ffe1f299000 	C:\WINDOWS\SYSTEM32\WSOCK32.dll
0x00007ffe28210000 - 0x00007ffe28237000 	C:\WINDOWS\SYSTEM32\WINMM.dll
0x00007ffe33340000 - 0x00007ffe333ab000 	C:\WINDOWS\System32\WS2_32.dll
0x00007ffe2ea10000 - 0x00007ffe2ea22000 	C:\WINDOWS\SYSTEM32\kernel.appcore.dll
0x00007ffe28580000 - 0x00007ffe28590000 	C:\Program Files\Java\jdk-11.0.17\bin\verify.dll
0x00007ffe2b5d0000 - 0x00007ffe2b7b4000 	C:\WINDOWS\SYSTEM32\DBGHELP.DLL
0x00007ffe2b320000 - 0x00007ffe2b355000 	C:\WINDOWS\SYSTEM32\dbgcore.DLL
0x00007ffe313c0000 - 0x00007ffe31442000 	C:\WINDOWS\System32\bcryptPrimitives.dll
0x00007ffe238e0000 - 0x00007ffe23908000 	C:\Program Files\Java\jdk-11.0.17\bin\java.dll
0x00007ffe28570000 - 0x00007ffe2857a000 	C:\Program Files\Java\jdk-11.0.17\bin\jimage.dll
0x00007ffe28130000 - 0x00007ffe28146000 	C:\Program Files\Java\jdk-11.0.17\bin\zip.dll
0x00007ffe2ec10000 - 0x00007ffe2f3a2000 	C:\WINDOWS\SYSTEM32\windows.storage.dll
0x00007ffe314f0000 - 0x00007ffe31845000 	C:\WINDOWS\System32\combase.dll
0x00007ffe304b0000 - 0x00007ffe304e0000 	C:\WINDOWS\SYSTEM32\Wldp.dll
0x00007ffe333b0000 - 0x00007ffe3345d000 	C:\WINDOWS\System32\SHCORE.dll
0x00007ffe30ae0000 - 0x00007ffe30aff000 	C:\WINDOWS\SYSTEM32\profapi.dll
0x00007ffe238c0000 - 0x00007ffe238d9000 	C:\Program Files\Java\jdk-11.0.17\bin\net.dll
0x00007ffe2a970000 - 0x00007ffe2aa7c000 	C:\WINDOWS\SYSTEM32\WINHTTP.dll
0x00007ffe30210000 - 0x00007ffe3027a000 	C:\WINDOWS\system32\mswsock.dll
0x00007ffe238a0000 - 0x00007ffe238b2000 	C:\Program Files\Java\jdk-11.0.17\bin\nio.dll

dbghelp: loaded successfully - version: 4.0.5 - missing functions: none
symbol engine: initialized successfully - sym options: 0x614 - pdb path: .;C:\Program Files\Java\jdk-11.0.17\bin;C:\WINDOWS\SYSTEM32;C:\WINDOWS\WinSxS\amd64_microsoft.windows.common-controls_6595b64144ccf1df_6.0.19041.1110_none_60b5254171f9507e;C:\Program Files (x86)\360\Total Security\safemon;C:\Program Files\Java\jdk-11.0.17\bin\server

VM Arguments:
jvm_args: -Dfile.encoding=Cp1252 
java_command: org.eclipse.emf.mwe2.launch.runtime.Mwe2Launcher src/self_checkout_experience/GenerateSelfCheckout.mwe2
java_class_path (initial): C:\Users\Rimon Choudhury\Desktop\MDE_CW\self-checkout-experience\self_checkout_experience\bin;C:\Users\Rimon Choudhury\Downloads\eclipse_win64\eclipse\plugins\org.eclipse.xtext_2.25.0.v20210301-0843.jar;C:\Users\Rimon Choudhury\Downloads\eclipse_win64\eclipse\plugins\org.eclipse.emf.ecore.xmi_2.16.0.v20190528-0725.jar;C:\Users\Rimon Choudhury\Downloads\eclipse_win64\eclipse\plugins\org.eclipse.emf.ecore_2.25.0.v20210816-0937.jar;C:\Users\Rimon Choudhury\Downloads\eclipse_win64\eclipse\plugins\org.eclipse.emf.common_2.23.0.v20210924-1718.jar;C:\Users\Rimon Choudhury\Downloads\eclipse_win64\eclipse\plugins\org.antlr.runtime_3.2.0.v201101311130.jar;C:\Users\Rimon Choudhury\Downloads\eclipse_win64\eclipse\plugins\com.google.inject_3.0.0.v201605172100.jar;C:\Users\Rimon Choudhury\Downloads\eclipse_win64\eclipse\plugins\org.eclipse.emf.mwe.core_1.6.1.v20210218-2134.jar;C:\Users\Rimon Choudhury\Downloads\eclipse_win64\eclipse\plugins\org.apache.commons.cli_1.4.0.v20200417-1444.jar;C:\Users\Rimon Choudhury\Downloads\eclipse_win64\eclipse\plugins\org.eclipse.emf.mwe2.runtime_2.12.1.v20210218-2134.jar;C:\Users\Rimon Choudhury\Downloads\eclipse_win64\eclipse\plugins\org.eclipse.emf.mwe.utils_1.6.1.v20210218-2134.jar;C:\Users\Rimon Choudhury\Downloads\eclipse_win64\eclipse\plugins\org.eclipse.xtext.util_2.25.0.v20210301-0843.jar;C:\Users\Rimon Choudhury\Downloads\eclipse_win64\eclipse\plugins\com.google.guava_30.1.0.v20210127-2300.jar;C:\Users\Rimon Choudhury\Downloads\eclipse_win64\eclipse\plugins\javax.inject_1.0.0.v20091030.jar;C:\Users\Rimon Choudhury\Downloads\eclipse_win64\eclipse\plugins\org.eclipse.xtext.xbase_2.25.0.v20210301-0909.jar;C:\Users\Rimon Choudhury\Downloads\eclipse_win64\eclipse\plugins\org.eclipse.xtext.common.types_2.25.0.v20210301-0909.jar;C:\Users\Rimon Choudhury\Downloads\eclipse_win64\eclipse\plugins\org.eclipse.xtend.lib_2.25.0.v20210301-0821.jar;C:\Users\Rimon Choudhury\Downloads\eclipse_win64\eclipse\plugins\org.eclipse
Launcher Type: SUN_STANDARD

[Global flags]
     intx CICompilerCount                          = 3                                         {product} {ergonomic}
     uint ConcGCThreads                            = 1                                         {product} {ergonomic}
     uint G1ConcRefinementThreads                  = 4                                         {product} {ergonomic}
   size_t G1HeapRegionSize                         = 1048576                                   {product} {ergonomic}
    uintx GCDrainStackTargetSize                   = 64                                        {product} {ergonomic}
   size_t InitialHeapSize                          = 134217728                                 {product} {ergonomic}
   size_t MarkStackSize                            = 4194304                                   {product} {ergonomic}
   size_t MaxHeapSize                              = 2120220672                                {product} {ergonomic}
   size_t MaxNewSize                               = 1271922688                                {product} {ergonomic}
   size_t MinHeapDeltaBytes                        = 1048576                                   {product} {ergonomic}
    uintx NonNMethodCodeHeapSize                   = 5830732                                {pd product} {ergonomic}
    uintx NonProfiledCodeHeapSize                  = 122913754                              {pd product} {ergonomic}
    uintx ProfiledCodeHeapSize                     = 122913754                              {pd product} {ergonomic}
    uintx ReservedCodeCacheSize                    = 251658240                              {pd product} {ergonomic}
     bool SegmentedCodeCache                       = true                                      {product} {ergonomic}
     bool UseCompressedClassPointers               = true                                 {lp64_product} {ergonomic}
     bool UseCompressedOops                        = true                                 {lp64_product} {ergonomic}
     bool UseG1GC                                  = true                                      {product} {ergonomic}
     bool UseLargePagesIndividualAllocation        = false                                  {pd product} {ergonomic}

Logging:
Log output configuration:
 #0: stdout all=warning uptime,level,tags
 #1: stderr all=off uptime,level,tags

Environment Variables:
PATH=C:\Program Files\Common Files\Oracle\Java\javapath;C:\WINDOWS\system32;C:\WINDOWS;C:\WINDOWS\System32\Wbem;C:\WINDOWS\System32\WindowsPowerShell\v1.0\;C:\Program Files (x86)\QuickTime\QTSystem\;C:\WINDOWS\System32\OpenSSH\;C:\Program Files\Git\cmd;C:\Users\Rimon Choudhury\AppData\Local\Microsoft\WindowsApps;
USERNAME=Rimon Choudhury
OS=Windows_NT
PROCESSOR_IDENTIFIER=Intel64 Family 6 Model 58 Stepping 9, GenuineIntel



---------------  S Y S T E M  ---------------

OS: Windows 10 , 64 bit Build 19041 (10.0.19041.2364)

CPU:total 4 (initial active 4) (4 cores per cpu, 1 threads per core) family 6 model 58 stepping 9 microcode 0x21, cmov, cx8, fxsr, mmx, sse, sse2, sse3, ssse3, sse4.1, sse4.2, popcnt, avx, aes, clmul, erms, tsc, tscinvbit, tscinv

Memory: 4k page, system-wide physical 8085M (2069M free)
TotalPageFile size 9109M (AvailPageFile size 5M)
current process WorkingSet (physical memory assigned to process): 150M, peak: 150M
current process commit charge ("private bytes"): 276M, peak: 277M

vm_info: Java HotSpot(TM) 64-Bit Server VM (11.0.17+10-LTS-269) for windows-amd64 JRE (11.0.17+10-LTS-269), built on Sep 13 2022 19:26:37 by "mach5one" with MS VC++ 15.9 (VS2017)

END.
